16:43:05,601 |-INFO in ch.qos.logback.classic.LoggerContext[default] - Could NOT find resource [logback.groovy]
16:43:05,601 |-INFO in ch.qos.logback.classic.LoggerContext[default] - Could NOT find resource [logback-test.xml]
16:43:05,601 |-INFO in ch.qos.logback.classic.LoggerContext[default] - Found resource [logback.xml] at [file:/home/tansir/projects/thesis/thesis_gui/bin/logback.xml]
16:43:05,602 |-WARN in ch.qos.logback.classic.LoggerContext[default] - Resource [logback.xml] occurs multiple times on the classpath.
16:43:05,602 |-WARN in ch.qos.logback.classic.LoggerContext[default] - Resource [logback.xml] occurs at [file:/home/tansir/projects/thesis/thesis_core/bin/logback.xml]
16:43:05,602 |-WARN in ch.qos.logback.classic.LoggerContext[default] - Resource [logback.xml] occurs at [file:/home/tansir/projects/thesis/thesis_gui/bin/logback.xml]
16:43:05,686 |-INFO in ch.qos.logback.classic.joran.action.ConfigurationAction - debug attribute not set
16:43:05,692 |-INFO in ch.qos.logback.core.joran.action.AppenderAction - About to instantiate appender of type [ch.qos.logback.core.ConsoleAppender]
16:43:05,703 |-INFO in ch.qos.logback.core.joran.action.AppenderAction - Naming appender as [stdout]
16:43:05,729 |-INFO in ch.qos.logback.core.joran.action.NestedComplexPropertyIA - Assuming default type [ch.qos.logback.classic.encoder.PatternLayoutEncoder] for [encoder] property
16:43:05,808 |-INFO in ch.qos.logback.core.joran.action.AppenderAction - About to instantiate appender of type [ch.qos.logback.core.FileAppender]
16:43:05,810 |-INFO in ch.qos.logback.core.joran.action.AppenderAction - Naming appender as [fileout]
16:43:05,814 |-INFO in ch.qos.logback.core.joran.action.NestedComplexPropertyIA - Assuming default type [ch.qos.logback.classic.encoder.PatternLayoutEncoder] for [encoder] property
16:43:05,816 |-INFO in ch.qos.logback.core.FileAppender[fileout] - File property is set to [sim.log]
16:43:05,818 |-INFO in ch.qos.logback.classic.joran.action.RootLoggerAction - Setting level of ROOT logger to DEBUG
16:43:05,818 |-INFO in ch.qos.logback.core.joran.action.AppenderRefAction - Attaching appender named [stdout] to Logger[ROOT]
16:43:05,819 |-INFO in ch.qos.logback.core.joran.action.AppenderRefAction - Attaching appender named [fileout] to Logger[ROOT]
16:43:05,819 |-INFO in ch.qos.logback.classic.joran.action.ConfigurationAction - End of configuration.
16:43:05,821 |-INFO in ch.qos.logback.classic.joran.JoranConfigurator@5f5a92bb - Registering current configuration as safe fallback point

16:43:05.834 [main] INFO  main - Starting simulation GUI version 0.0.3
16:43:05.850 [main] DEBUG main - Loading simulation configuration from sim.properties.
16:43:06.185 [main] INFO  utils - Loading 2 sensor types.
16:43:06.193 [main] INFO  utils - Loading 2 target types.
16:43:06.198 [main] INFO  utils - Loading 2 weapon types.
16:43:06.207 [main] INFO  utils - Loading 2 UAV types.
16:43:06.227 [main] INFO  utils - Loaded sensor probabilities.
16:43:06.241 [main] INFO  utils - Copying 3 havens from database.
16:43:06.261 [main] DEBUG main - Sim model initialized with:
Random seed: 42
World: /home/tansir/projects/thesis/thesis_gui/../worlds/world07
Entity Types: /home/tansir/projects/thesis/thesis_gui/../config
CommsRng: 1.00
BeliefDecayRate: 0.00
MinWorldClearUncert: 0.30
16:43:06.270 [main] DEBUG sim - EntityTypes initialized with:
thesis.core.EntityTypeCfgs@1a8a8f7c
16:43:06.270 [main] DEBUG sim - World model intiliazed with:
thesis.core.serialization.world.WorldConfig@2353b3e6
16:43:06.271 [main] DEBUG sim - Resetting Target Manager.
16:43:06.273 [main] DEBUG sim - Resetting UAV Manager.
16:43:08.116 [AWT-EventQueue-0] INFO  main - Resuming simulation.
16:43:08.117 [AWT-EventQueue-0] INFO  main - Free running simulation at CPU speed
16:43:08.117 [AWT-EventQueue-0] INFO  main - Simulation unpaused.  Running with 250ms inter-frame delay.
16:43:08.876 [AWT-EventQueue-0] INFO  main - Free running simulation at CPU speed
16:43:08.877 [AWT-EventQueue-0] INFO  main - Inter-frame delay changed from 250ms to 0ms.
16:43:09.279 [pool-1-thread-1] DEBUG sim.uav.logic - UAV 3 reseting to confirm target 2.
16:43:09.280 [pool-1-thread-1] DEBUG sim.uav.logic - UAV 3 began confirmation focused scanning target 2
16:43:09.329 [pool-1-thread-1] DEBUG sim.uav.logic - UAV 4 reseting to confirm target 1.
16:43:09.330 [pool-1-thread-1] DEBUG sim.uav.logic - UAV 4 began confirmation focused scanning target 1
16:43:09.996 [pool-1-thread-1] DEBUG sim.uav.logic - UAV 3 finished confirming target 2
16:43:09.997 [pool-1-thread-1] DEBUG sim.uav.logic - UAV 3 reseting to pending attack of target 2
16:43:09.998 [pool-1-thread-1] DEBUG sim.uav.logic - UAV 0 resetting to Attack target 2
16:43:09.999 [pool-1-thread-1] DEBUG sim.uav.logic - UAV 0 in range of Attack target 2.  Changing state from EnRoute to Performing.
16:43:10.049 [pool-1-thread-1] DEBUG sim.uav.logic - UAV 4 finished confirming target 1
16:43:10.050 [pool-1-thread-1] DEBUG sim.uav.logic - UAV 4 reseting to pending attack of target 1
16:43:10.052 [pool-1-thread-1] DEBUG sim.uav.logic - UAV 1 resetting to Attack target 1
16:43:10.052 [pool-1-thread-1] DEBUG sim.uav.logic - UAV 1 in range of Attack target 1.  Changing state from EnRoute to Performing.
16:43:10.236 [pool-1-thread-1] DEBUG sim.uav.logic - UAV 2 reseting to confirm target 3.
16:43:10.238 [pool-1-thread-1] DEBUG sim.uav.logic - UAV 2 began confirmation focused scanning target 3
16:43:10.553 [pool-1-thread-1] DEBUG sim.uav.logic - UAV 0 fired at target 2
16:43:10.554 [pool-1-thread-1] DEBUG sim.uav.logic - UAV 3 notes that pending attack for target 2 has been completed.
16:43:10.555 [pool-1-thread-1] DEBUG sim.uav.logic - UAV 3 reseting to BDA of target 2.
16:43:10.556 [pool-1-thread-1] DEBUG sim.uav.logic - UAV 3 began BDA focused scanning target 2
16:43:10.576 [pool-1-thread-1] DEBUG sim.uav.logic - UAV 0 reseting to confirm target 5.
16:43:10.713 [pool-1-thread-1] DEBUG sim.uav.logic - UAV 0 began confirmation focused scanning target 5
16:43:11.005 [pool-1-thread-1] DEBUG sim.uav.logic - UAV 2 finished confirming target 3
16:43:11.005 [pool-1-thread-1] DEBUG sim.uav.logic - UAV 2 reseting to pending attack of target 3
16:43:11.320 [pool-1-thread-1] DEBUG sim.uav.logic - UAV 1 fired at target 1
16:43:11.321 [pool-1-thread-1] DEBUG sim.uav.logic - UAV 1 destroyed target 1
16:43:11.322 [pool-1-thread-1] DEBUG sim.uav.logic - UAV 4 notes that pending attack for target 1 has been completed.
16:43:11.323 [pool-1-thread-1] DEBUG sim.uav.logic - UAV 4 reseting to BDA of target 1.
16:43:11.324 [pool-1-thread-1] DEBUG sim.uav.logic - UAV 1 resetting to Attack target 3
16:43:11.324 [pool-1-thread-1] DEBUG sim.uav.logic - UAV 1 in range of Attack target 3.  Changing state from EnRoute to Performing.
16:43:11.362 [pool-1-thread-1] DEBUG sim.uav.logic - UAV 4 began BDA focused scanning target 1
16:43:11.391 [pool-1-thread-1] DEBUG sim.uav.logic - UAV 3 finished BDA scanning target 2.  It is NOT destroyed.
16:43:11.393 [pool-1-thread-1] DEBUG sim.uav.logic - UAV 3 reseting to pending attack of target 2
16:43:11.700 [pool-1-thread-1] DEBUG sim.uav.logic - UAV 0 finished confirming target 5
16:43:11.701 [pool-1-thread-1] DEBUG sim.uav.logic - UAV 0 reseting to pending attack of target 5
16:43:12.495 [pool-1-thread-1] DEBUG sim.uav.logic - UAV 4 finished BDA scanning target 1.  It is destroyed.
16:43:12.498 [pool-1-thread-1] DEBUG sim.uav.logic - UAV 4: [N889.87, E1227.75, Hdg:183.44] forced from task Monitor to Search.
16:43:12.499 [pool-1-thread-1] DEBUG sim.uav.logic - UAV 4 resetting to Attack target 2
16:43:12.499 [pool-1-thread-1] DEBUG sim.uav.logic - UAV 4 in range of Attack target 2.  Changing state from EnRoute to Performing.
16:43:12.815 [pool-1-thread-1] DEBUG sim.uav.logic - UAV 4 fired at target 2
16:43:12.817 [pool-1-thread-1] DEBUG sim.uav.logic - UAV 4 destroyed target 2
16:43:12.818 [pool-1-thread-1] DEBUG sim.uav.logic - UAV 3 notes that pending attack for target 2 has been completed.
16:43:12.820 [pool-1-thread-1] DEBUG sim.uav.logic - UAV 3 reseting to BDA of target 2.
16:43:12.821 [pool-1-thread-1] DEBUG sim.uav.logic - UAV 4 resetting to Attack target 5
16:43:12.821 [pool-1-thread-1] DEBUG sim.uav.logic - UAV 4 in range of Attack target 5.  Changing state from EnRoute to Performing.
16:43:13.305 [pool-1-thread-1] DEBUG sim.uav.logic - UAV 3 began BDA focused scanning target 2
16:43:13.435 [pool-1-thread-1] DEBUG sim.uav.logic - UAV 4 fired at target 5
16:43:13.436 [pool-1-thread-1] DEBUG sim.uav.logic - UAV 4 destroyed target 5
16:43:13.437 [pool-1-thread-1] DEBUG sim.uav.logic - UAV 0 notes that pending attack for target 5 has been completed.
16:43:13.438 [pool-1-thread-1] DEBUG sim.uav.logic - UAV 0 reseting to BDA of target 5.
16:43:13.441 [pool-1-thread-1] DEBUG sim.uav.logic - UAV 4 in range of Attack target 5.  Changing state from EnRoute to Performing.
16:43:13.442 [pool-1-thread-1] DEBUG sim.uav.logic - UAV 0 began BDA focused scanning target 5
16:43:14.326 [pool-1-thread-1] DEBUG sim.uav.logic - UAV 1 fired at target 3
16:43:14.327 [pool-1-thread-1] DEBUG sim.uav.logic - UAV 1 destroyed target 3
16:43:14.327 [pool-1-thread-1] DEBUG sim.uav.logic - UAV 2 notes that pending attack for target 3 has been completed.
16:43:14.327 [pool-1-thread-1] DEBUG sim.uav.logic - UAV 2 reseting to BDA of target 3.
16:43:14.329 [pool-1-thread-1] DEBUG sim.uav.logic - UAV 1 resetting to Attack target 5
16:43:14.330 [pool-1-thread-1] DEBUG sim.uav.logic - UAV 1 in range of Attack target 5.  Changing state from EnRoute to Performing.
16:43:14.331 [pool-1-thread-1] DEBUG sim.uav.logic - UAV 2 began BDA focused scanning target 3
16:43:14.508 [pool-1-thread-1] DEBUG sim.uav.logic - UAV 3 finished BDA scanning target 2.  It is destroyed.
16:43:14.509 [pool-1-thread-1] DEBUG sim.uav.logic - UAV 3: [N-145.04, E880.07, Hdg:311.32] forced from task Monitor to Search.
16:43:14.510 [pool-1-thread-1] DEBUG sim.uav.logic - UAV 3 reseting to confirm target 4.
16:43:14.713 [pool-1-thread-1] DEBUG sim.uav.logic - UAV 0 finished BDA scanning target 5.  It is destroyed.
16:43:14.714 [pool-1-thread-1] DEBUG sim.uav.logic - UAV 1 reseting to confirm target 4.
16:43:14.716 [pool-1-thread-1] DEBUG sim.uav.logic - UAV 4 reseting to confirm target 4.
16:43:14.716 [pool-1-thread-1] DEBUG sim.uav.logic - UAV 4 began confirmation focused scanning target 4
16:43:14.717 [pool-1-thread-1] DEBUG sim.uav.logic - UAV 0: [N1731.65, E820.04, Hdg:308.60] forced from task Monitor to Search.
16:43:14.718 [pool-1-thread-1] DEBUG sim.uav.logic - UAV 1: [N828.70, E328.69, Hdg:122.02] forced from task Monitor to Search.
16:43:14.789 [pool-1-thread-1] DEBUG sim.uav.logic - UAV 3: [N-180.78, E1056.72, Hdg:25.17] forced from task Monitor to Search.
16:43:15.375 [pool-1-thread-1] DEBUG sim.uav.logic - UAV 2 finished BDA scanning target 3.  It is destroyed.
16:43:15.377 [pool-1-thread-1] DEBUG sim.uav.logic - UAV 2: [N879.15, E-561.46, Hdg:132.43] forced from task Monitor to Search.
16:43:15.671 [pool-1-thread-1] DEBUG sim.uav.logic - UAV 4 finished confirming target 4
16:43:15.672 [pool-1-thread-1] DEBUG sim.uav.logic - UAV 4 reseting to pending attack of target 4
16:43:15.673 [pool-1-thread-1] DEBUG sim.uav.logic - UAV 0 resetting to Attack target 4
16:43:15.674 [pool-1-thread-1] DEBUG sim.uav.logic - UAV 0 in range of Attack target 4.  Changing state from EnRoute to Performing.
16:43:16.601 [pool-1-thread-1] DEBUG sim.uav.logic - UAV 3 reseting to confirm target 0.
16:43:17.195 [pool-1-thread-1] DEBUG sim.uav.logic - UAV 3 began confirmation focused scanning target 0
16:43:17.554 [pool-1-thread-1] DEBUG sim.uav.logic - UAV 0 fired at target 4
16:43:17.554 [pool-1-thread-1] DEBUG sim.uav.logic - UAV 0 destroyed target 4
16:43:17.557 [pool-1-thread-1] DEBUG sim.uav.logic - UAV 4 notes that pending attack for target 4 has been completed.
16:43:17.557 [pool-1-thread-1] DEBUG sim.uav.logic - UAV 4 reseting to BDA of target 4.
16:43:17.569 [pool-1-thread-1] DEBUG sim.uav.logic - UAV 4 began BDA focused scanning target 4
16:43:18.533 [pool-1-thread-1] DEBUG sim.uav.logic - UAV 3 finished confirming target 0
16:43:18.534 [pool-1-thread-1] DEBUG sim.uav.logic - UAV 3 reseting to pending attack of target 0
16:43:18.535 [pool-1-thread-1] DEBUG sim.uav.logic - UAV 0 resetting to Attack target 0
16:43:18.535 [pool-1-thread-1] DEBUG sim.uav.logic - UAV 0 in range of Attack target 0.  Changing state from EnRoute to Performing.
16:43:18.838 [pool-1-thread-1] DEBUG sim.uav.logic - UAV 4 finished BDA scanning target 4.  It is destroyed.
16:43:18.840 [pool-1-thread-1] DEBUG sim.uav.logic - UAV 4: [N1870.71, E899.25, Hdg:346.07] forced from task Monitor to Search.
16:43:41.470 [pool-1-thread-1] DEBUG sim.uav.logic - UAV 0 stuck in a no LAR shortest path/static target orbit.  Reseting to longer route.
16:43:44.218 [pool-1-thread-1] DEBUG sim.uav.logic - UAV 0 fired at target 0
16:43:44.222 [pool-1-thread-1] DEBUG sim.uav.logic - UAV 3 notes that pending attack for target 0 has been completed.
16:43:44.222 [pool-1-thread-1] DEBUG sim.uav.logic - UAV 3 reseting to BDA of target 0.
16:43:44.228 [pool-1-thread-1] DEBUG sim.uav.logic - UAV 3 began BDA focused scanning target 0
16:43:47.356 [pool-1-thread-1] DEBUG sim.uav.logic - UAV 3 finished BDA scanning target 0.  It is NOT destroyed.
16:43:47.357 [pool-1-thread-1] DEBUG sim.uav.logic - UAV 3 reseting to pending attack of target 0
16:43:47.358 [pool-1-thread-1] DEBUG sim.uav.logic - UAV 4 resetting to Attack target 0
16:43:47.358 [pool-1-thread-1] DEBUG sim.uav.logic - UAV 4 in range of Attack target 0.  Changing state from EnRoute to Performing.
16:44:30.406 [pool-1-thread-1] DEBUG sim.uav.logic - UAV 4 stuck in a no LAR shortest path/static target orbit.  Reseting to longer route.
16:44:35.318 [pool-1-thread-1] DEBUG sim.uav.logic - UAV 4 fired at target 0
16:44:35.318 [pool-1-thread-1] DEBUG sim.uav.logic - UAV 4 destroyed target 0
16:44:35.318 [pool-1-thread-1] INFO  sim - Simulation complete.
16:44:35.319 [pool-1-thread-1] INFO  sim - --------SIM RESULTS------------
16:44:35.319 [pool-1-thread-1] INFO  sim - Time all tgts detected: 76944ms
16:44:35.319 [pool-1-thread-1] INFO  sim - Time all tgts destroyed: 359728ms
16:44:35.319 [pool-1-thread-1] INFO  sim - Time most UAVs believe all world known: 67472ms
16:44:35.319 [pool-1-thread-1] INFO  sim - Tgt 0, found: 76944ms, destroyed: 359728ms, delta: 282784ms
16:44:35.319 [pool-1-thread-1] INFO  sim - Tgt 1, found: 4720ms, destroyed: 30624ms, delta: 25904ms
16:44:35.320 [pool-1-thread-1] INFO  sim - Tgt 2, found: 3872ms, destroyed: 43280ms, delta: 39408ms
16:44:35.320 [pool-1-thread-1] INFO  sim - Tgt 3, found: 17104ms, destroyed: 55648ms, delta: 38544ms
16:44:35.320 [pool-1-thread-1] INFO  sim - Tgt 4, found: 22016ms, destroyed: 81648ms, delta: 59632ms
16:44:35.320 [pool-1-thread-1] INFO  sim - Tgt 5, found: 21488ms, destroyed: 48816ms, delta: 27328ms

