16:37:42,697 |-INFO in ch.qos.logback.classic.LoggerContext[default] - Could NOT find resource [logback.groovy]
16:37:42,698 |-INFO in ch.qos.logback.classic.LoggerContext[default] - Could NOT find resource [logback-test.xml]
16:37:42,698 |-INFO in ch.qos.logback.classic.LoggerContext[default] - Found resource [logback.xml] at [file:/home/tansir/projects/thesis/thesis_gui/bin/logback.xml]
16:37:42,698 |-WARN in ch.qos.logback.classic.LoggerContext[default] - Resource [logback.xml] occurs multiple times on the classpath.
16:37:42,698 |-WARN in ch.qos.logback.classic.LoggerContext[default] - Resource [logback.xml] occurs at [file:/home/tansir/projects/thesis/thesis_core/bin/logback.xml]
16:37:42,698 |-WARN in ch.qos.logback.classic.LoggerContext[default] - Resource [logback.xml] occurs at [file:/home/tansir/projects/thesis/thesis_gui/bin/logback.xml]
16:37:42,776 |-INFO in ch.qos.logback.classic.joran.action.ConfigurationAction - debug attribute not set
16:37:42,781 |-INFO in ch.qos.logback.core.joran.action.AppenderAction - About to instantiate appender of type [ch.qos.logback.core.ConsoleAppender]
16:37:42,791 |-INFO in ch.qos.logback.core.joran.action.AppenderAction - Naming appender as [stdout]
16:37:42,816 |-INFO in ch.qos.logback.core.joran.action.NestedComplexPropertyIA - Assuming default type [ch.qos.logback.classic.encoder.PatternLayoutEncoder] for [encoder] property
16:37:42,892 |-INFO in ch.qos.logback.core.joran.action.AppenderAction - About to instantiate appender of type [ch.qos.logback.core.FileAppender]
16:37:42,893 |-INFO in ch.qos.logback.core.joran.action.AppenderAction - Naming appender as [fileout]
16:37:42,896 |-INFO in ch.qos.logback.core.joran.action.NestedComplexPropertyIA - Assuming default type [ch.qos.logback.classic.encoder.PatternLayoutEncoder] for [encoder] property
16:37:42,896 |-INFO in ch.qos.logback.core.FileAppender[fileout] - File property is set to [sim.log]
16:37:42,899 |-INFO in ch.qos.logback.classic.joran.action.RootLoggerAction - Setting level of ROOT logger to DEBUG
16:37:42,899 |-INFO in ch.qos.logback.core.joran.action.AppenderRefAction - Attaching appender named [stdout] to Logger[ROOT]
16:37:42,900 |-INFO in ch.qos.logback.core.joran.action.AppenderRefAction - Attaching appender named [fileout] to Logger[ROOT]
16:37:42,900 |-INFO in ch.qos.logback.classic.joran.action.ConfigurationAction - End of configuration.
16:37:42,902 |-INFO in ch.qos.logback.classic.joran.JoranConfigurator@5f5a92bb - Registering current configuration as safe fallback point

16:37:42.913 [main] INFO  main - Starting simulation GUI version 0.0.3
16:37:42.930 [main] DEBUG main - Loading simulation configuration from sim.properties.
16:37:43.272 [main] INFO  utils - Loading 2 sensor types.
16:37:43.277 [main] INFO  utils - Loading 2 target types.
16:37:43.283 [main] INFO  utils - Loading 2 weapon types.
16:37:43.288 [main] INFO  utils - Loading 2 UAV types.
16:37:43.315 [main] INFO  utils - Loaded sensor probabilities.
16:37:43.330 [main] INFO  utils - Copying 3 havens from database.
16:37:43.354 [main] DEBUG main - Sim model initialized with:
Random seed: 42
World: /home/tansir/projects/thesis/thesis_gui/../worlds/world02
Entity Types: /home/tansir/projects/thesis/thesis_gui/../config
CommsRng: 1.00
BeliefDecayRate: 0.00
MinWorldClearUncert: 0.30
16:37:43.362 [main] DEBUG sim - EntityTypes initialized with:
thesis.core.EntityTypeCfgs@1a8a8f7c
16:37:43.362 [main] DEBUG sim - World model intiliazed with:
thesis.core.serialization.world.WorldConfig@2353b3e6
16:37:43.363 [main] DEBUG sim - Resetting Target Manager.
16:37:43.365 [main] DEBUG sim - Resetting UAV Manager.
16:38:26.884 [AWT-EventQueue-0] INFO  main - Resuming simulation.
16:38:26.885 [AWT-EventQueue-0] INFO  main - Free running simulation at CPU speed
16:38:26.885 [AWT-EventQueue-0] INFO  main - Simulation unpaused.  Running with 250ms inter-frame delay.
16:38:27.804 [AWT-EventQueue-0] INFO  main - Free running simulation at CPU speed
16:38:27.805 [AWT-EventQueue-0] INFO  main - Inter-frame delay changed from 250ms to 0ms.
16:38:27.878 [pool-1-thread-1] DEBUG sim.uav.logic - UAV 0 reseting to confirm target 5.
16:38:27.894 [pool-1-thread-1] DEBUG sim.uav.logic - UAV 1 reseting to confirm target 5.
16:38:27.897 [pool-1-thread-1] DEBUG sim.uav.logic - UAV 1 began confirmation focused scanning target 5
16:38:27.898 [pool-1-thread-1] DEBUG sim.uav.logic - UAV 2 reseting to confirm target 5.
16:38:27.899 [pool-1-thread-1] DEBUG sim.uav.logic - UAV 2 began confirmation focused scanning target 5
16:38:27.899 [pool-1-thread-1] DEBUG sim.uav.logic - UAV 3 reseting to confirm target 5.
16:38:27.900 [pool-1-thread-1] DEBUG sim.uav.logic - UAV 3 began confirmation focused scanning target 5
16:38:27.901 [pool-1-thread-1] DEBUG sim.uav.logic - UAV 4 reseting to confirm target 5.
16:38:27.903 [pool-1-thread-1] DEBUG sim.uav.logic - UAV 2: [N2330.83, E1022.24, Hdg:145.25] forced from task Monitor to Search.
16:38:27.905 [pool-1-thread-1] DEBUG sim.uav.logic - UAV 4: [N1374.83, E2462.27, Hdg:311.64] forced from task Monitor to Search.
16:38:28.018 [pool-1-thread-1] DEBUG sim.uav.logic - UAV 3: [N2372.70, E1527.29, Hdg:124.13] forced from task Monitor to Search.
16:38:28.185 [pool-1-thread-1] DEBUG sim.uav.logic - UAV 0 began confirmation focused scanning target 5
16:38:28.498 [pool-1-thread-1] DEBUG sim.uav.logic - UAV 1 finished confirming target 5
16:38:28.500 [pool-1-thread-1] DEBUG sim.uav.logic - UAV 1 reseting to pending attack of target 5
16:38:28.501 [pool-1-thread-1] DEBUG sim.uav.logic - UAV 2 resetting to Attack target 5
16:38:28.502 [pool-1-thread-1] DEBUG sim.uav.logic - UAV 2 in range of Attack target 5.  Changing state from EnRoute to Performing.
16:38:28.761 [pool-1-thread-1] DEBUG sim.uav.logic - UAV 0 finished confirming target 5
16:38:28.762 [pool-1-thread-1] DEBUG sim.uav.logic - UAV 0 reseting to pending attack of target 5
16:38:29.059 [pool-1-thread-1] DEBUG sim.uav.logic - UAV 2 fired at target 5
16:38:29.060 [pool-1-thread-1] DEBUG sim.uav.logic - UAV 2 destroyed target 5
16:38:29.060 [pool-1-thread-1] DEBUG sim.uav.logic - UAV 0 notes that pending attack for target 5 has been completed.
16:38:29.061 [pool-1-thread-1] DEBUG sim.uav.logic - UAV 0 reseting to BDA of target 5.
16:38:29.061 [pool-1-thread-1] DEBUG sim.uav.logic - UAV 1 notes that pending attack for target 5 has been completed.
16:38:29.061 [pool-1-thread-1] DEBUG sim.uav.logic - UAV 1 reseting to BDA of target 5.
16:38:29.062 [pool-1-thread-1] DEBUG sim.uav.logic - UAV 2 in range of Attack target 5.  Changing state from EnRoute to Performing.
16:38:29.062 [pool-1-thread-1] DEBUG sim.uav.logic - UAV 2 fired at target 5
16:38:29.062 [pool-1-thread-1] DEBUG sim.uav.logic - UAV 2 destroyed target 5
16:38:29.062 [pool-1-thread-1] DEBUG sim.uav.logic - UAV 3 resetting to Attack target 5
16:38:29.063 [pool-1-thread-1] DEBUG sim.uav.logic - UAV 3 in range of Attack target 5.  Changing state from EnRoute to Performing.
16:38:29.063 [pool-1-thread-1] DEBUG sim.uav.logic - UAV 4 resetting to Attack target 5
16:38:29.064 [pool-1-thread-1] DEBUG sim.uav.logic - UAV 4 in range of Attack target 5.  Changing state from EnRoute to Performing.
16:38:29.065 [pool-1-thread-1] DEBUG sim.uav.logic - UAV 0 began BDA focused scanning target 5
16:38:29.066 [pool-1-thread-1] DEBUG sim.uav.logic - UAV 2 in range of Attack target 5.  Changing state from EnRoute to Performing.
16:38:29.067 [pool-1-thread-1] DEBUG sim.uav.logic - UAV 3: [N1917.97, E896.86, Hdg:255.91] forced from task Attack to Search.
16:38:29.068 [pool-1-thread-1] DEBUG sim.uav.logic - UAV 4: [N779.34, E1802.65, Hdg:191.51] forced from task Attack to Search.
16:38:29.159 [pool-1-thread-1] DEBUG sim.uav.logic - UAV 1: [N1539.50, E1934.06, Hdg:34.03] forced from task Monitor to Search.
16:38:29.159 [pool-1-thread-1] DEBUG sim.uav.logic - UAV 1 resetting to Attack target 5
16:38:29.159 [pool-1-thread-1] DEBUG sim.uav.logic - UAV 1 in range of Attack target 5.  Changing state from EnRoute to Performing.
16:38:29.184 [pool-1-thread-1] DEBUG sim.uav.logic - UAV 4 reseting to confirm target 1.
16:38:29.384 [pool-1-thread-1] DEBUG sim.uav.logic - UAV 3 reseting to confirm target 0.
16:38:29.389 [pool-1-thread-1] DEBUG sim.uav.logic - UAV 4 began confirmation focused scanning target 1
16:38:29.487 [pool-1-thread-1] DEBUG sim.uav.logic - UAV 2 fired at target 5
16:38:29.487 [pool-1-thread-1] DEBUG sim.uav.logic - UAV 2 destroyed target 5
16:38:29.490 [pool-1-thread-1] DEBUG sim.uav.logic - UAV 2: [N1980.82, E1331.79, Hdg:169.13] forced from task Attack to Search.
16:38:29.990 [pool-1-thread-1] DEBUG sim.uav.logic - UAV 0 finished BDA scanning target 5.  It is destroyed.
16:38:29.999 [pool-1-thread-1] DEBUG sim.uav.logic - UAV 0: [N2662.91, E1266.44, Hdg:102.64] forced from task Monitor to Search.
16:38:30.012 [pool-1-thread-1] DEBUG sim.uav.logic - UAV 0 reseting to confirm target 4.
16:38:30.013 [pool-1-thread-1] DEBUG sim.uav.logic - UAV 0 began confirmation focused scanning target 4
16:38:30.404 [pool-1-thread-1] DEBUG sim.uav.logic - UAV 3 began confirmation focused scanning target 0
16:38:30.462 [pool-1-thread-1] DEBUG sim.uav.logic - UAV 4 finished confirming target 1
16:38:30.463 [pool-1-thread-1] DEBUG sim.uav.logic - UAV 4 reseting to pending attack of target 1
16:38:30.464 [pool-1-thread-1] DEBUG sim.uav.logic - UAV 1 resetting to Attack target 1
16:38:30.465 [pool-1-thread-1] DEBUG sim.uav.logic - UAV 1 in range of Attack target 1.  Changing state from EnRoute to Performing.
16:38:31.215 [pool-1-thread-1] DEBUG sim.uav.logic - UAV 0 finished confirming target 4
16:38:31.216 [pool-1-thread-1] DEBUG sim.uav.logic - UAV 0 reseting to pending attack of target 4
16:38:31.216 [pool-1-thread-1] DEBUG sim.uav.logic - UAV 2 resetting to Attack target 4
16:38:31.217 [pool-1-thread-1] DEBUG sim.uav.logic - UAV 2 in range of Attack target 4.  Changing state from EnRoute to Performing.
16:38:31.538 [pool-1-thread-1] DEBUG sim.uav.logic - UAV 3 finished confirming target 0
16:38:31.539 [pool-1-thread-1] DEBUG sim.uav.logic - UAV 3 reseting to pending attack of target 0
16:38:33.098 [pool-1-thread-1] DEBUG sim.uav.logic - UAV 2 fired at target 4
16:38:33.098 [pool-1-thread-1] DEBUG sim.uav.logic - UAV 2 destroyed target 4
16:38:33.100 [pool-1-thread-1] DEBUG sim.uav.logic - UAV 0 notes that pending attack for target 4 has been completed.
16:38:33.100 [pool-1-thread-1] DEBUG sim.uav.logic - UAV 0 reseting to BDA of target 4.
16:38:33.103 [pool-1-thread-1] DEBUG sim.uav.logic - UAV 0 began BDA focused scanning target 4
16:38:33.379 [pool-1-thread-1] DEBUG sim.uav.logic - UAV 1 fired at target 1
16:38:33.381 [pool-1-thread-1] DEBUG sim.uav.logic - UAV 4 notes that pending attack for target 1 has been completed.
16:38:33.382 [pool-1-thread-1] DEBUG sim.uav.logic - UAV 4 reseting to BDA of target 1.
16:38:33.385 [pool-1-thread-1] DEBUG sim.uav.logic - UAV 1 resetting to Attack target 0
16:38:33.387 [pool-1-thread-1] DEBUG sim.uav.logic - UAV 1 in range of Attack target 0.  Changing state from EnRoute to Performing.
16:38:33.387 [pool-1-thread-1] DEBUG sim.uav.logic - UAV 1 fired at target 0
16:38:33.387 [pool-1-thread-1] DEBUG sim.uav.logic - UAV 1 destroyed target 0
16:38:33.389 [pool-1-thread-1] DEBUG sim.uav.logic - UAV 3 notes that pending attack for target 0 has been completed.
16:38:33.389 [pool-1-thread-1] DEBUG sim.uav.logic - UAV 3 reseting to BDA of target 0.
16:38:33.390 [pool-1-thread-1] DEBUG sim.uav.logic - UAV 4 began BDA focused scanning target 1
16:38:33.399 [pool-1-thread-1] DEBUG sim.uav.logic - UAV 1 in range of Attack target 0.  Changing state from EnRoute to Performing.
16:38:33.400 [pool-1-thread-1] DEBUG sim.uav.logic - UAV 1 fired at target 0
16:38:33.400 [pool-1-thread-1] DEBUG sim.uav.logic - UAV 1 destroyed target 0
16:38:33.403 [pool-1-thread-1] DEBUG sim.uav.logic - UAV 1 in range of Attack target 0.  Changing state from EnRoute to Performing.
16:38:33.406 [pool-1-thread-1] DEBUG sim.uav.logic - UAV 1 fired at target 0
16:38:33.414 [pool-1-thread-1] DEBUG sim.uav.logic - UAV 1 in range of Attack target 0.  Changing state from EnRoute to Performing.
16:38:34.407 [pool-1-thread-1] DEBUG sim.uav.logic - UAV 3 began BDA focused scanning target 0
16:38:34.838 [pool-1-thread-1] DEBUG sim.uav.logic - UAV 0 finished BDA scanning target 4.  It is destroyed.
16:38:34.849 [pool-1-thread-1] DEBUG sim.uav.logic - UAV 0: [N1578.91, E1289.23, Hdg:282.79] forced from task Monitor to Search.
16:38:35.128 [pool-1-thread-1] DEBUG sim.uav.logic - UAV 4 finished BDA scanning target 1.  It is NOT destroyed.
16:38:35.129 [pool-1-thread-1] DEBUG sim.uav.logic - UAV 4 reseting to pending attack of target 1
16:38:35.130 [pool-1-thread-1] DEBUG sim.uav.logic - UAV 0 resetting to Attack target 1
16:38:35.130 [pool-1-thread-1] DEBUG sim.uav.logic - UAV 0 in range of Attack target 1.  Changing state from EnRoute to Performing.
16:38:35.898 [pool-1-thread-1] DEBUG sim.uav.logic - UAV 3 finished BDA scanning target 0.  It is destroyed.
16:38:35.903 [pool-1-thread-1] DEBUG sim.uav.logic - UAV 3: [N435.23, E642.48, Hdg:270.80] forced from task Monitor to Search.
16:38:36.068 [pool-1-thread-1] DEBUG sim.uav.logic - UAV 0 fired at target 1
16:38:36.069 [pool-1-thread-1] DEBUG sim.uav.logic - UAV 0 destroyed target 1
16:38:36.074 [pool-1-thread-1] DEBUG sim.uav.logic - UAV 4 notes that pending attack for target 1 has been completed.
16:38:36.075 [pool-1-thread-1] DEBUG sim.uav.logic - UAV 4 reseting to BDA of target 1.
16:38:37.226 [pool-1-thread-1] DEBUG sim.uav.logic - UAV 3 reseting to confirm target 2.
16:38:37.227 [pool-1-thread-1] DEBUG sim.uav.logic - UAV 3 began confirmation focused scanning target 2
16:38:38.302 [pool-1-thread-1] DEBUG sim.uav.logic - UAV 3 finished confirming target 2
16:38:38.303 [pool-1-thread-1] DEBUG sim.uav.logic - UAV 3 reseting to pending attack of target 2
16:38:38.303 [pool-1-thread-1] DEBUG sim.uav.logic - UAV 0 resetting to Attack target 2
16:38:38.303 [pool-1-thread-1] DEBUG sim.uav.logic - UAV 0 in range of Attack target 2.  Changing state from EnRoute to Performing.
16:38:38.326 [pool-1-thread-1] DEBUG sim.uav.logic - UAV 4 began BDA focused scanning target 1
16:38:38.397 [pool-1-thread-1] DEBUG sim.uav.logic - UAV 1 fired at target 0
16:38:39.237 [pool-1-thread-1] DEBUG sim.uav.logic - UAV 0 fired at target 2
16:38:39.238 [pool-1-thread-1] DEBUG sim.uav.logic - UAV 0 destroyed target 2
16:38:39.239 [pool-1-thread-1] DEBUG sim.uav.logic - UAV 3 notes that pending attack for target 2 has been completed.
16:38:39.239 [pool-1-thread-1] DEBUG sim.uav.logic - UAV 3 reseting to BDA of target 2.
16:38:39.436 [pool-1-thread-1] DEBUG sim.uav.logic - UAV 4 finished BDA scanning target 1.  It is destroyed.
16:38:39.438 [pool-1-thread-1] DEBUG sim.uav.logic - UAV 4: [N986.09, E1432.79, Hdg:78.25] forced from task Monitor to Search.
16:38:41.334 [pool-1-thread-1] DEBUG sim.uav.logic - UAV 3 began BDA focused scanning target 2
16:38:41.380 [pool-1-thread-1] DEBUG sim.uav.logic - UAV 4 reseting to confirm target 3.
16:38:41.825 [pool-1-thread-1] DEBUG sim.uav.logic - UAV 4 began confirmation focused scanning target 3
16:38:42.662 [pool-1-thread-1] DEBUG sim.uav.logic - UAV 3 finished BDA scanning target 2.  It is destroyed.
16:38:42.664 [pool-1-thread-1] DEBUG sim.uav.logic - UAV 3: [N462.90, E1123.64, Hdg:110.94] forced from task Monitor to Search.
16:38:43.229 [pool-1-thread-1] DEBUG sim.uav.logic - UAV 4 finished confirming target 3
16:38:43.229 [pool-1-thread-1] DEBUG sim.uav.logic - UAV 4 reseting to pending attack of target 3
16:38:43.230 [pool-1-thread-1] DEBUG sim.uav.logic - UAV 0 resetting to Attack target 3
16:38:43.230 [pool-1-thread-1] DEBUG sim.uav.logic - UAV 0 in range of Attack target 3.  Changing state from EnRoute to Performing.
16:38:45.807 [pool-1-thread-1] DEBUG sim.uav.logic - UAV 0 fired at target 3
16:38:45.809 [pool-1-thread-1] DEBUG sim.uav.logic - UAV 4 notes that pending attack for target 3 has been completed.
16:38:45.809 [pool-1-thread-1] DEBUG sim.uav.logic - UAV 4 reseting to BDA of target 3.
16:38:47.188 [pool-1-thread-1] DEBUG sim.uav.logic - UAV 4 began BDA focused scanning target 3
16:38:48.910 [pool-1-thread-1] DEBUG sim.uav.logic - UAV 4 finished BDA scanning target 3.  It is NOT destroyed.
16:38:48.911 [pool-1-thread-1] DEBUG sim.uav.logic - UAV 4 reseting to pending attack of target 3
16:38:48.911 [pool-1-thread-1] DEBUG sim.uav.logic - UAV 0 resetting to Attack target 3
16:38:48.912 [pool-1-thread-1] DEBUG sim.uav.logic - UAV 0 in range of Attack target 3.  Changing state from EnRoute to Performing.
16:38:51.513 [pool-1-thread-1] DEBUG sim.uav.logic - UAV 0 fired at target 3
16:38:51.517 [pool-1-thread-1] DEBUG sim.uav.logic - UAV 4 notes that pending attack for target 3 has been completed.
16:38:51.518 [pool-1-thread-1] DEBUG sim.uav.logic - UAV 4 reseting to BDA of target 3.
16:38:53.592 [pool-1-thread-1] DEBUG sim.uav.logic - UAV 4 began BDA focused scanning target 3
16:38:55.644 [pool-1-thread-1] DEBUG sim.uav.logic - UAV 4 finished BDA scanning target 3.  It is NOT destroyed.
16:38:55.645 [pool-1-thread-1] DEBUG sim.uav.logic - UAV 4 reseting to pending attack of target 3
16:38:55.647 [pool-1-thread-1] DEBUG sim.uav.logic - UAV 1 resetting to Attack target 3
16:38:55.647 [pool-1-thread-1] DEBUG sim.uav.logic - UAV 1 in range of Attack target 3.  Changing state from EnRoute to Performing.
16:39:00.763 [pool-1-thread-1] DEBUG sim.uav.logic - UAV 1 fired at target 3
16:39:00.763 [pool-1-thread-1] DEBUG sim.uav.logic - UAV 1 destroyed target 3
16:39:00.766 [pool-1-thread-1] DEBUG sim.uav.logic - UAV 4 notes that pending attack for target 3 has been completed.
16:39:00.766 [pool-1-thread-1] DEBUG sim.uav.logic - UAV 4 reseting to BDA of target 3.
16:39:00.766 [pool-1-thread-1] INFO  sim - Simulation complete.
16:39:00.766 [pool-1-thread-1] INFO  sim - --------SIM RESULTS------------
16:39:00.766 [pool-1-thread-1] INFO  sim - Time all tgts detected: 120352ms
16:39:00.766 [pool-1-thread-1] INFO  sim - Time all tgts destroyed: 224144ms
16:39:00.767 [pool-1-thread-1] INFO  sim - Time most UAVs believe all world known: 79648ms
16:39:00.767 [pool-1-thread-1] INFO  sim - Tgt 0, found: 22784ms, destroyed: 60720ms, delta: 37936ms
16:39:00.767 [pool-1-thread-1] INFO  sim - Tgt 1, found: 20832ms, destroyed: 77200ms, delta: 56368ms
16:39:00.767 [pool-1-thread-1] INFO  sim - Tgt 2, found: 83584ms, destroyed: 102144ms, delta: 18560ms
16:39:00.767 [pool-1-thread-1] INFO  sim - Tgt 3, found: 120352ms, destroyed: 224144ms, delta: 103792ms
16:39:00.767 [pool-1-thread-1] INFO  sim - Tgt 4, found: 29328ms, destroyed: 58880ms, delta: 29552ms
16:39:00.767 [pool-1-thread-1] INFO  sim - Tgt 5, found: 752ms, destroyed: 25008ms, delta: 24256ms

