16:32:04,155 |-INFO in ch.qos.logback.classic.LoggerContext[default] - Could NOT find resource [logback.groovy]
16:32:04,155 |-INFO in ch.qos.logback.classic.LoggerContext[default] - Could NOT find resource [logback-test.xml]
16:32:04,156 |-INFO in ch.qos.logback.classic.LoggerContext[default] - Found resource [logback.xml] at [file:/home/tansir/projects/thesis/thesis_gui/bin/logback.xml]
16:32:04,157 |-WARN in ch.qos.logback.classic.LoggerContext[default] - Resource [logback.xml] occurs multiple times on the classpath.
16:32:04,157 |-WARN in ch.qos.logback.classic.LoggerContext[default] - Resource [logback.xml] occurs at [file:/home/tansir/projects/thesis/thesis_core/bin/logback.xml]
16:32:04,157 |-WARN in ch.qos.logback.classic.LoggerContext[default] - Resource [logback.xml] occurs at [file:/home/tansir/projects/thesis/thesis_gui/bin/logback.xml]
16:32:04,239 |-INFO in ch.qos.logback.classic.joran.action.ConfigurationAction - debug attribute not set
16:32:04,244 |-INFO in ch.qos.logback.core.joran.action.AppenderAction - About to instantiate appender of type [ch.qos.logback.core.ConsoleAppender]
16:32:04,252 |-INFO in ch.qos.logback.core.joran.action.AppenderAction - Naming appender as [stdout]
16:32:04,280 |-INFO in ch.qos.logback.core.joran.action.NestedComplexPropertyIA - Assuming default type [ch.qos.logback.classic.encoder.PatternLayoutEncoder] for [encoder] property
16:32:04,354 |-INFO in ch.qos.logback.core.joran.action.AppenderAction - About to instantiate appender of type [ch.qos.logback.core.FileAppender]
16:32:04,356 |-INFO in ch.qos.logback.core.joran.action.AppenderAction - Naming appender as [fileout]
16:32:04,358 |-INFO in ch.qos.logback.core.joran.action.NestedComplexPropertyIA - Assuming default type [ch.qos.logback.classic.encoder.PatternLayoutEncoder] for [encoder] property
16:32:04,359 |-INFO in ch.qos.logback.core.FileAppender[fileout] - File property is set to [sim.log]
16:32:04,361 |-INFO in ch.qos.logback.classic.joran.action.RootLoggerAction - Setting level of ROOT logger to DEBUG
16:32:04,361 |-INFO in ch.qos.logback.core.joran.action.AppenderRefAction - Attaching appender named [stdout] to Logger[ROOT]
16:32:04,362 |-INFO in ch.qos.logback.core.joran.action.AppenderRefAction - Attaching appender named [fileout] to Logger[ROOT]
16:32:04,362 |-INFO in ch.qos.logback.classic.joran.action.ConfigurationAction - End of configuration.
16:32:04,366 |-INFO in ch.qos.logback.classic.joran.JoranConfigurator@5f5a92bb - Registering current configuration as safe fallback point

16:32:04.375 [main] INFO  main - Starting simulation GUI version 0.0.3
16:32:04.395 [main] DEBUG main - Loading simulation configuration from sim.properties.
16:32:04.707 [main] INFO  utils - Loading 2 sensor types.
16:32:04.713 [main] INFO  utils - Loading 2 target types.
16:32:04.718 [main] INFO  utils - Loading 2 weapon types.
16:32:04.723 [main] INFO  utils - Loading 2 UAV types.
16:32:04.747 [main] INFO  utils - Loaded sensor probabilities.
16:32:04.759 [main] INFO  utils - Copying 3 havens from database.
16:32:04.783 [main] DEBUG main - Sim model initialized with:
Random seed: 42
World: /home/tansir/projects/thesis/thesis_gui/../worlds/world05
Entity Types: /home/tansir/projects/thesis/thesis_gui/../config
CommsRng: 0.20
BeliefDecayRate: 0.00
MinWorldClearUncert: 0.30
16:32:04.794 [main] DEBUG sim - EntityTypes initialized with:
thesis.core.EntityTypeCfgs@7a765367
16:32:04.794 [main] DEBUG sim - World model intiliazed with:
thesis.core.serialization.world.WorldConfig@76b0bfab
16:32:04.795 [main] DEBUG sim - Resetting Target Manager.
16:32:04.796 [main] DEBUG sim - Resetting UAV Manager.
16:32:08.196 [AWT-EventQueue-0] INFO  main - Resuming simulation.
16:32:08.196 [AWT-EventQueue-0] INFO  main - Free running simulation at CPU speed
16:32:08.197 [AWT-EventQueue-0] INFO  main - Simulation unpaused.  Running with 250ms inter-frame delay.
16:32:09.003 [AWT-EventQueue-0] INFO  main - Free running simulation at CPU speed
16:32:09.004 [AWT-EventQueue-0] INFO  main - Inter-frame delay changed from 250ms to 0ms.
16:32:09.093 [pool-1-thread-1] DEBUG sim.uav.logic - UAV 0 reseting to confirm target 5.
16:32:09.094 [pool-1-thread-1] DEBUG sim.uav.logic - UAV 0 began confirmation focused scanning target 5
16:32:09.390 [pool-1-thread-1] DEBUG sim.uav.logic - UAV 4 reseting to confirm target 5.
16:32:09.391 [pool-1-thread-1] DEBUG sim.uav.logic - UAV 1 reseting to confirm target 5.
16:32:09.394 [pool-1-thread-1] DEBUG sim.uav.logic - UAV 2 reseting to confirm target 5.
16:32:09.400 [pool-1-thread-1] DEBUG sim.uav.logic - UAV 4: [N1038.48, E141.78, Hdg:14.59] forced from task Monitor to Search.
16:32:09.401 [pool-1-thread-1] DEBUG sim.uav.logic - UAV 4 reseting to confirm target 3.
16:32:09.402 [pool-1-thread-1] DEBUG sim.uav.logic - UAV 4 began confirmation focused scanning target 3
16:32:09.470 [pool-1-thread-1] DEBUG sim.uav.logic - UAV 2 began confirmation focused scanning target 5
16:32:09.501 [pool-1-thread-1] DEBUG sim.uav.logic - UAV 0 finished confirming target 5
16:32:09.502 [pool-1-thread-1] DEBUG sim.uav.logic - UAV 0 reseting to pending attack of target 5
16:32:09.683 [pool-1-thread-1] DEBUG sim.uav.logic - UAV 1 began confirmation focused scanning target 5
16:32:09.716 [pool-1-thread-1] DEBUG sim.uav.logic - UAV 4 finished confirming target 3
16:32:09.717 [pool-1-thread-1] DEBUG sim.uav.logic - UAV 4 reseting to pending attack of target 3
16:32:09.718 [pool-1-thread-1] DEBUG sim.uav.logic - UAV 3 resetting to Attack target 3
16:32:09.718 [pool-1-thread-1] DEBUG sim.uav.logic - UAV 3 in range of Attack target 3.  Changing state from EnRoute to Performing.
16:32:09.797 [pool-1-thread-1] DEBUG sim.uav.logic - UAV 2 finished confirming target 5
16:32:09.798 [pool-1-thread-1] DEBUG sim.uav.logic - UAV 2 reseting to pending attack of target 5
16:32:09.944 [pool-1-thread-1] DEBUG sim.uav.logic - UAV 2: [N1346.01, E1716.55, Hdg:177.18] forced from task Monitor to Search.
16:32:09.944 [pool-1-thread-1] DEBUG sim.uav.logic - UAV 2 resetting to Attack target 5
16:32:09.945 [pool-1-thread-1] DEBUG sim.uav.logic - UAV 2 in range of Attack target 5.  Changing state from EnRoute to Performing.
16:32:10.022 [pool-1-thread-1] DEBUG sim.uav.logic - UAV 1 finished confirming target 5
16:32:10.023 [pool-1-thread-1] DEBUG sim.uav.logic - UAV 1 reseting to pending attack of target 5
16:32:10.078 [pool-1-thread-1] DEBUG sim.uav.logic - UAV 2 fired at target 5
16:32:10.080 [pool-1-thread-1] DEBUG sim.uav.logic - UAV 2 destroyed target 5
16:32:10.081 [pool-1-thread-1] DEBUG sim.uav.logic - UAV 0 notes that pending attack for target 5 has been completed.
16:32:10.082 [pool-1-thread-1] DEBUG sim.uav.logic - UAV 0 reseting to BDA of target 5.
16:32:10.082 [pool-1-thread-1] DEBUG sim.uav.logic - UAV 1 notes that pending attack for target 5 has been completed.
16:32:10.083 [pool-1-thread-1] DEBUG sim.uav.logic - UAV 1 reseting to BDA of target 5.
16:32:10.083 [pool-1-thread-1] DEBUG sim.uav.logic - UAV 2 in range of Attack target 5.  Changing state from EnRoute to Performing.
16:32:10.084 [pool-1-thread-1] DEBUG sim.uav.logic - UAV 0 began BDA focused scanning target 5
16:32:10.085 [pool-1-thread-1] DEBUG sim.uav.logic - UAV 1 began BDA focused scanning target 5
16:32:10.119 [pool-1-thread-1] DEBUG sim.uav.logic - UAV 2 fired at target 5
16:32:10.119 [pool-1-thread-1] DEBUG sim.uav.logic - UAV 2 destroyed target 5
16:32:10.120 [pool-1-thread-1] DEBUG sim.uav.logic - UAV 2 in range of Attack target 5.  Changing state from EnRoute to Performing.
16:32:10.120 [pool-1-thread-1] DEBUG sim.uav.logic - UAV 2 fired at target 5
16:32:10.121 [pool-1-thread-1] DEBUG sim.uav.logic - UAV 2 in range of Attack target 5.  Changing state from EnRoute to Performing.
16:32:10.121 [pool-1-thread-1] DEBUG sim.uav.logic - UAV 2 fired at target 5
16:32:10.122 [pool-1-thread-1] DEBUG sim.uav.logic - UAV 2 destroyed target 5
16:32:10.129 [pool-1-thread-1] DEBUG sim.uav.logic - UAV 2 reseting to confirm target 4.
16:32:10.130 [pool-1-thread-1] DEBUG sim.uav.logic - UAV 2 began confirmation focused scanning target 4
16:32:10.233 [pool-1-thread-1] DEBUG sim.uav.logic - UAV 1: [N779.37, E1234.47, Hdg:266.88] forced from task Monitor to Search.
16:32:10.233 [pool-1-thread-1] DEBUG sim.uav.logic - UAV 1 resetting to Attack target 5
16:32:10.234 [pool-1-thread-1] DEBUG sim.uav.logic - UAV 1 in range of Attack target 5.  Changing state from EnRoute to Performing.
16:32:10.591 [pool-1-thread-1] DEBUG sim.uav.logic - UAV 0 finished BDA scanning target 5.  It is destroyed.
16:32:10.594 [pool-1-thread-1] DEBUG sim.uav.logic - UAV 1 reseting to confirm target 0.
16:32:10.595 [pool-1-thread-1] DEBUG sim.uav.logic - UAV 0: [N673.75, E1013.26, Hdg:278.66] forced from task Monitor to Search.
16:32:10.596 [pool-1-thread-1] DEBUG sim.uav.logic - UAV 0 reseting to confirm target 0.
16:32:10.597 [pool-1-thread-1] DEBUG sim.uav.logic - UAV 1: [N467.19, E1487.14, Hdg:350.15] forced from task Monitor to Search.
16:32:10.663 [pool-1-thread-1] DEBUG sim.uav.logic - UAV 2 finished confirming target 4
16:32:10.663 [pool-1-thread-1] DEBUG sim.uav.logic - UAV 2 reseting to pending attack of target 4
16:32:10.664 [pool-1-thread-1] DEBUG sim.uav.logic - UAV 1 resetting to Attack target 4
16:32:10.664 [pool-1-thread-1] DEBUG sim.uav.logic - UAV 1 in range of Attack target 4.  Changing state from EnRoute to Performing.
16:32:10.667 [pool-1-thread-1] DEBUG sim.uav.logic - UAV 0 began confirmation focused scanning target 0
16:32:10.823 [pool-1-thread-1] DEBUG sim.uav.logic - UAV 3 fired at target 3
16:32:10.825 [pool-1-thread-1] DEBUG sim.uav.logic - UAV 3 destroyed target 3
16:32:10.828 [pool-1-thread-1] DEBUG sim.uav.logic - UAV 4 notes that pending attack for target 3 has been completed.
16:32:10.828 [pool-1-thread-1] DEBUG sim.uav.logic - UAV 4 reseting to BDA of target 3.
16:32:10.830 [pool-1-thread-1] DEBUG sim.uav.logic - UAV 4 began BDA focused scanning target 3
16:32:11.263 [pool-1-thread-1] DEBUG sim.uav.logic - UAV 0 finished confirming target 0
16:32:11.264 [pool-1-thread-1] DEBUG sim.uav.logic - UAV 0 reseting to pending attack of target 0
16:32:11.265 [pool-1-thread-1] DEBUG sim.uav.logic - UAV 3 resetting to Attack target 0
16:32:11.265 [pool-1-thread-1] DEBUG sim.uav.logic - UAV 3 in range of Attack target 0.  Changing state from EnRoute to Performing.
16:32:11.435 [pool-1-thread-1] DEBUG sim.uav.logic - UAV 4 finished BDA scanning target 3.  It is destroyed.
16:32:11.436 [pool-1-thread-1] DEBUG sim.uav.logic - UAV 4: [N1395.60, E-250.68, Hdg:231.35] forced from task Monitor to Search.
16:32:11.944 [pool-1-thread-1] DEBUG sim.uav.logic - UAV 1 fired at target 4
16:32:11.944 [pool-1-thread-1] DEBUG sim.uav.logic - UAV 1 destroyed target 4
16:32:11.944 [pool-1-thread-1] DEBUG sim.uav.logic - UAV 2 notes that pending attack for target 4 has been completed.
16:32:11.945 [pool-1-thread-1] DEBUG sim.uav.logic - UAV 2 reseting to BDA of target 4.
16:32:11.946 [pool-1-thread-1] DEBUG sim.uav.logic - UAV 1 resetting to Attack target 0
16:32:11.946 [pool-1-thread-1] DEBUG sim.uav.logic - UAV 1 in range of Attack target 0.  Changing state from EnRoute to Performing.
16:32:12.183 [pool-1-thread-1] DEBUG sim.uav.logic - UAV 2 began BDA focused scanning target 4
16:32:12.705 [pool-1-thread-1] DEBUG sim.uav.logic - UAV 3 fired at target 0
16:32:12.706 [pool-1-thread-1] DEBUG sim.uav.logic - UAV 3 destroyed target 0
16:32:12.706 [pool-1-thread-1] DEBUG sim.uav.logic - UAV 4 resetting to Attack target 0
16:32:12.707 [pool-1-thread-1] DEBUG sim.uav.logic - UAV 4 in range of Attack target 0.  Changing state from EnRoute to Performing.
16:32:12.707 [pool-1-thread-1] DEBUG sim.uav.logic - UAV 0 notes that pending attack for target 0 has been completed.
16:32:12.707 [pool-1-thread-1] DEBUG sim.uav.logic - UAV 0 reseting to BDA of target 0.
16:32:12.708 [pool-1-thread-1] DEBUG sim.uav.logic - UAV 3: [N104.30, E498.58, Hdg:170.09] forced from task Attack to Search.
16:32:12.709 [pool-1-thread-1] DEBUG sim.uav.logic - UAV 0 began BDA focused scanning target 0
16:32:12.761 [pool-1-thread-1] DEBUG sim.uav.logic - UAV 4: [N344.27, E1387.11, Hdg:303.29] forced from task Attack to Search.
16:32:12.870 [pool-1-thread-1] DEBUG sim.uav.logic - UAV 2 finished BDA scanning target 4.  It is destroyed.
16:32:12.875 [pool-1-thread-1] DEBUG sim.uav.logic - UAV 2: [N1428.10, E608.70, Hdg:240.19] forced from task Monitor to Search.
16:32:12.946 [pool-1-thread-1] DEBUG sim.uav.logic - UAV 2 reseting to confirm target 2.
16:32:12.946 [pool-1-thread-1] DEBUG sim.uav.logic - UAV 2 began confirmation focused scanning target 2
16:32:13.339 [pool-1-thread-1] DEBUG sim.uav.logic - UAV 0 finished BDA scanning target 0.  It is destroyed.
16:32:13.341 [pool-1-thread-1] DEBUG sim.uav.logic - UAV 0: [N1000.44, E-186.06, Hdg:198.45] forced from task Monitor to Search.
16:32:13.570 [pool-1-thread-1] DEBUG sim.uav.logic - UAV 2 finished confirming target 2
16:32:13.571 [pool-1-thread-1] DEBUG sim.uav.logic - UAV 2 reseting to pending attack of target 2
16:32:13.572 [pool-1-thread-1] DEBUG sim.uav.logic - UAV 3 resetting to Attack target 2
16:32:13.572 [pool-1-thread-1] DEBUG sim.uav.logic - UAV 3 in range of Attack target 2.  Changing state from EnRoute to Performing.
16:32:13.573 [pool-1-thread-1] DEBUG sim.uav.logic - UAV 4 resetting to Attack target 2
16:32:13.574 [pool-1-thread-1] DEBUG sim.uav.logic - UAV 4 in range of Attack target 2.  Changing state from EnRoute to Performing.
16:32:13.591 [pool-1-thread-1] DEBUG sim.uav.logic - UAV 3: [N750.14, E498.66, Hdg:43.84] forced from task Attack to Search.
16:32:14.069 [pool-1-thread-1] DEBUG sim.uav.logic - UAV 4 fired at target 2
16:32:14.366 [pool-1-thread-1] DEBUG sim.uav.logic - UAV 0 reseting to confirm target 1.
16:32:14.572 [pool-1-thread-1] DEBUG sim.uav.logic - UAV 0 began confirmation focused scanning target 1
16:32:15.329 [pool-1-thread-1] DEBUG sim.uav.logic - UAV 0 finished confirming target 1
16:32:15.330 [pool-1-thread-1] DEBUG sim.uav.logic - UAV 0 reseting to pending attack of target 1
16:32:15.330 [pool-1-thread-1] DEBUG sim.uav.logic - UAV 1 resetting to Attack target 1
16:32:15.331 [pool-1-thread-1] DEBUG sim.uav.logic - UAV 1 in range of Attack target 1.  Changing state from EnRoute to Performing.
16:32:16.410 [pool-1-thread-1] DEBUG sim.uav.logic - UAV 1 fired at target 1
16:32:16.411 [pool-1-thread-1] DEBUG sim.uav.logic - UAV 1 destroyed target 1
16:32:16.411 [pool-1-thread-1] DEBUG sim.uav.logic - UAV 3 resetting to Attack target 1
16:32:16.411 [pool-1-thread-1] DEBUG sim.uav.logic - UAV 3 in range of Attack target 1.  Changing state from EnRoute to Performing.
16:32:16.411 [pool-1-thread-1] DEBUG sim.uav.logic - UAV 4 resetting to Attack target 1
16:32:16.412 [pool-1-thread-1] DEBUG sim.uav.logic - UAV 4 in range of Attack target 1.  Changing state from EnRoute to Performing.
16:32:16.412 [pool-1-thread-1] DEBUG sim.uav.logic - UAV 0 notes that pending attack for target 1 has been completed.
16:32:16.412 [pool-1-thread-1] DEBUG sim.uav.logic - UAV 0 reseting to BDA of target 1.
16:32:16.412 [pool-1-thread-1] DEBUG sim.uav.logic - UAV 1 in range of Attack target 1.  Changing state from EnRoute to Performing.
16:32:16.413 [pool-1-thread-1] DEBUG sim.uav.logic - UAV 1 fired at target 1
16:32:16.414 [pool-1-thread-1] DEBUG sim.uav.logic - UAV 1 destroyed target 1
16:32:16.415 [pool-1-thread-1] DEBUG sim.uav.logic - UAV 3 in range of Attack target 1.  Changing state from EnRoute to Performing.
16:32:16.415 [pool-1-thread-1] DEBUG sim.uav.logic - UAV 4: [N612.06, E1434.31, Hdg:217.99] forced from task Attack to Search.
16:32:16.416 [pool-1-thread-1] DEBUG sim.uav.logic - UAV 1 in range of Attack target 1.  Changing state from EnRoute to Performing.
16:32:16.417 [pool-1-thread-1] DEBUG sim.uav.logic - UAV 1 fired at target 1
16:32:16.417 [pool-1-thread-1] DEBUG sim.uav.logic - UAV 3 in range of Attack target 1.  Changing state from EnRoute to Performing.
16:32:16.417 [pool-1-thread-1] DEBUG sim.uav.logic - UAV 1 in range of Attack target 1.  Changing state from EnRoute to Performing.
16:32:16.418 [pool-1-thread-1] DEBUG sim.uav.logic - UAV 3: [N422.80, E1300.83, Hdg:228.14] forced from task Attack to Search.
16:32:16.544 [pool-1-thread-1] DEBUG sim.uav.logic - UAV 1 fired at target 1
16:32:16.544 [pool-1-thread-1] DEBUG sim.uav.logic - UAV 1 destroyed target 1
16:32:16.545 [pool-1-thread-1] DEBUG sim.uav.logic - UAV 3 resetting to Attack target 1
16:32:16.545 [pool-1-thread-1] DEBUG sim.uav.logic - UAV 3 in range of Attack target 1.  Changing state from EnRoute to Performing.
16:32:16.545 [pool-1-thread-1] DEBUG sim.uav.logic - UAV 4 resetting to Attack target 1
16:32:16.546 [pool-1-thread-1] DEBUG sim.uav.logic - UAV 4 in range of Attack target 1.  Changing state from EnRoute to Performing.
16:32:16.547 [pool-1-thread-1] DEBUG sim.uav.logic - UAV 1 in range of Attack target 1.  Changing state from EnRoute to Performing.
16:32:16.547 [pool-1-thread-1] DEBUG sim.uav.logic - UAV 1 fired at target 1
16:32:16.547 [pool-1-thread-1] DEBUG sim.uav.logic - UAV 1 destroyed target 1
16:32:16.548 [pool-1-thread-1] DEBUG sim.uav.logic - UAV 3 in range of Attack target 1.  Changing state from EnRoute to Performing.
16:32:16.549 [pool-1-thread-1] DEBUG sim.uav.logic - UAV 4: [N454.51, E1251.37, Hdg:246.63] forced from task Attack to Search.
16:32:16.550 [pool-1-thread-1] DEBUG sim.uav.logic - UAV 1 in range of Attack target 1.  Changing state from EnRoute to Performing.
16:32:16.550 [pool-1-thread-1] DEBUG sim.uav.logic - UAV 1 fired at target 1
16:32:16.550 [pool-1-thread-1] DEBUG sim.uav.logic - UAV 3 in range of Attack target 1.  Changing state from EnRoute to Performing.
16:32:16.551 [pool-1-thread-1] DEBUG sim.uav.logic - UAV 1 in range of Attack target 1.  Changing state from EnRoute to Performing.
16:32:16.551 [pool-1-thread-1] DEBUG sim.uav.logic - UAV 1 fired at target 1
16:32:16.552 [pool-1-thread-1] DEBUG sim.uav.logic - UAV 1 destroyed target 1
16:32:16.552 [pool-1-thread-1] DEBUG sim.uav.logic - UAV 3 in range of Attack target 1.  Changing state from EnRoute to Performing.
16:32:16.724 [pool-1-thread-1] DEBUG sim.uav.logic - UAV 0 began BDA focused scanning target 1
16:32:17.406 [pool-1-thread-1] DEBUG sim.uav.logic - UAV 0 finished BDA scanning target 1.  It is destroyed.
16:32:17.407 [pool-1-thread-1] DEBUG sim.uav.logic - UAV 0: [N1660.95, E2508.15, Hdg:6.19] forced from task Monitor to Search.
16:32:21.070 [pool-1-thread-1] DEBUG sim.uav.logic - UAV 2 notes that pending attack for target 2 has been completed.
16:32:21.072 [pool-1-thread-1] DEBUG sim.uav.logic - UAV 2 reseting to BDA of target 2.
16:32:21.074 [pool-1-thread-1] DEBUG sim.uav.logic - UAV 2 began BDA focused scanning target 2
16:32:21.917 [pool-1-thread-1] DEBUG sim.uav.logic - UAV 2 finished BDA scanning target 2.  It is NOT destroyed.
16:32:21.918 [pool-1-thread-1] DEBUG sim.uav.logic - UAV 2 reseting to pending attack of target 2
16:32:21.918 [pool-1-thread-1] DEBUG sim.uav.logic - UAV 3 resetting to Attack target 2
16:32:21.919 [pool-1-thread-1] DEBUG sim.uav.logic - UAV 3 in range of Attack target 2.  Changing state from EnRoute to Performing.
16:32:21.919 [pool-1-thread-1] DEBUG sim.uav.logic - UAV 4 resetting to Attack target 2
16:32:21.919 [pool-1-thread-1] DEBUG sim.uav.logic - UAV 4 in range of Attack target 2.  Changing state from EnRoute to Performing.
16:32:21.923 [pool-1-thread-1] DEBUG sim.uav.logic - UAV 4: [N206.78, E1903.88, Hdg:164.18] forced from task Attack to Search.
16:32:23.439 [pool-1-thread-1] DEBUG sim.uav.logic - UAV 3 fired at target 2
16:32:23.439 [pool-1-thread-1] DEBUG sim.uav.logic - UAV 3 destroyed target 2
16:32:23.439 [pool-1-thread-1] DEBUG sim.uav.logic - UAV 4 resetting to Attack target 2
16:32:23.439 [pool-1-thread-1] DEBUG sim.uav.logic - UAV 4 in range of Attack target 2.  Changing state from EnRoute to Performing.
16:32:23.439 [pool-1-thread-1] INFO  sim - Simulation complete.
16:32:23.440 [pool-1-thread-1] INFO  sim - --------SIM RESULTS------------
16:32:23.440 [pool-1-thread-1] INFO  sim - Time all tgts detected: 97520ms
16:32:23.440 [pool-1-thread-1] INFO  sim - Time all tgts destroyed: 227056ms
16:32:23.440 [pool-1-thread-1] INFO  sim - Time most UAVs believe all world known: 71296ms
16:32:23.440 [pool-1-thread-1] INFO  sim - Tgt 0, found: 16384ms, destroyed: 68304ms, delta: 51920ms
16:32:23.440 [pool-1-thread-1] INFO  sim - Tgt 1, found: 97520ms, destroyed: 127456ms, delta: 29936ms
16:32:23.440 [pool-1-thread-1] INFO  sim - Tgt 2, found: 71888ms, destroyed: 227056ms, delta: 155168ms
16:32:23.440 [pool-1-thread-1] INFO  sim - Tgt 3, found: 6352ms, destroyed: 39264ms, delta: 32912ms
16:32:23.440 [pool-1-thread-1] INFO  sim - Tgt 4, found: 21184ms, destroyed: 57296ms, delta: 36112ms
16:32:23.440 [pool-1-thread-1] INFO  sim - Tgt 5, found: 64ms, destroyed: 26736ms, delta: 26672ms

