16:32:45,707 |-INFO in ch.qos.logback.classic.LoggerContext[default] - Could NOT find resource [logback.groovy]
16:32:45,707 |-INFO in ch.qos.logback.classic.LoggerContext[default] - Could NOT find resource [logback-test.xml]
16:32:45,707 |-INFO in ch.qos.logback.classic.LoggerContext[default] - Found resource [logback.xml] at [file:/home/tansir/projects/thesis/thesis_gui/bin/logback.xml]
16:32:45,708 |-WARN in ch.qos.logback.classic.LoggerContext[default] - Resource [logback.xml] occurs multiple times on the classpath.
16:32:45,708 |-WARN in ch.qos.logback.classic.LoggerContext[default] - Resource [logback.xml] occurs at [file:/home/tansir/projects/thesis/thesis_core/bin/logback.xml]
16:32:45,708 |-WARN in ch.qos.logback.classic.LoggerContext[default] - Resource [logback.xml] occurs at [file:/home/tansir/projects/thesis/thesis_gui/bin/logback.xml]
16:32:45,786 |-INFO in ch.qos.logback.classic.joran.action.ConfigurationAction - debug attribute not set
16:32:45,791 |-INFO in ch.qos.logback.core.joran.action.AppenderAction - About to instantiate appender of type [ch.qos.logback.core.ConsoleAppender]
16:32:45,801 |-INFO in ch.qos.logback.core.joran.action.AppenderAction - Naming appender as [stdout]
16:32:45,837 |-INFO in ch.qos.logback.core.joran.action.NestedComplexPropertyIA - Assuming default type [ch.qos.logback.classic.encoder.PatternLayoutEncoder] for [encoder] property
16:32:45,926 |-INFO in ch.qos.logback.core.joran.action.AppenderAction - About to instantiate appender of type [ch.qos.logback.core.FileAppender]
16:32:45,928 |-INFO in ch.qos.logback.core.joran.action.AppenderAction - Naming appender as [fileout]
16:32:45,931 |-INFO in ch.qos.logback.core.joran.action.NestedComplexPropertyIA - Assuming default type [ch.qos.logback.classic.encoder.PatternLayoutEncoder] for [encoder] property
16:32:45,932 |-INFO in ch.qos.logback.core.FileAppender[fileout] - File property is set to [sim.log]
16:32:45,933 |-INFO in ch.qos.logback.classic.joran.action.RootLoggerAction - Setting level of ROOT logger to DEBUG
16:32:45,933 |-INFO in ch.qos.logback.core.joran.action.AppenderRefAction - Attaching appender named [stdout] to Logger[ROOT]
16:32:45,934 |-INFO in ch.qos.logback.core.joran.action.AppenderRefAction - Attaching appender named [fileout] to Logger[ROOT]
16:32:45,934 |-INFO in ch.qos.logback.classic.joran.action.ConfigurationAction - End of configuration.
16:32:45,936 |-INFO in ch.qos.logback.classic.joran.JoranConfigurator@5f5a92bb - Registering current configuration as safe fallback point

16:32:45.948 [main] INFO  main - Starting simulation GUI version 0.0.3
16:32:45.962 [main] DEBUG main - Loading simulation configuration from sim.properties.
16:32:46.284 [main] INFO  utils - Loading 2 sensor types.
16:32:46.289 [main] INFO  utils - Loading 2 target types.
16:32:46.298 [main] INFO  utils - Loading 2 weapon types.
16:32:46.301 [main] INFO  utils - Loading 2 UAV types.
16:32:46.320 [main] INFO  utils - Loaded sensor probabilities.
16:32:46.328 [main] INFO  utils - Copying 3 havens from database.
16:32:46.350 [main] DEBUG main - Sim model initialized with:
Random seed: 42
World: /home/tansir/projects/thesis/thesis_gui/../worlds/world06
Entity Types: /home/tansir/projects/thesis/thesis_gui/../config
CommsRng: 0.20
BeliefDecayRate: 0.00
MinWorldClearUncert: 0.30
16:32:46.356 [main] DEBUG sim - EntityTypes initialized with:
thesis.core.EntityTypeCfgs@bd8db5a
16:32:46.357 [main] DEBUG sim - World model intiliazed with:
thesis.core.serialization.world.WorldConfig@2f943d71
16:32:46.357 [main] DEBUG sim - Resetting Target Manager.
16:32:46.358 [main] DEBUG sim - Resetting UAV Manager.
16:32:48.263 [AWT-EventQueue-0] INFO  main - Resuming simulation.
16:32:48.267 [AWT-EventQueue-0] INFO  main - Free running simulation at CPU speed
16:32:48.267 [AWT-EventQueue-0] INFO  main - Simulation unpaused.  Running with 250ms inter-frame delay.
16:32:49.044 [AWT-EventQueue-0] INFO  main - Free running simulation at CPU speed
16:32:49.044 [AWT-EventQueue-0] INFO  main - Inter-frame delay changed from 250ms to 0ms.
16:32:49.358 [pool-1-thread-1] DEBUG sim.uav.logic - UAV 3 reseting to confirm target 5.
16:32:49.359 [pool-1-thread-1] DEBUG sim.uav.logic - UAV 3 began confirmation focused scanning target 5
16:32:49.597 [pool-1-thread-1] DEBUG sim.uav.logic - UAV 3 finished confirming target 5
16:32:49.598 [pool-1-thread-1] DEBUG sim.uav.logic - UAV 3 reseting to pending attack of target 5
16:32:49.702 [pool-1-thread-1] DEBUG sim.uav.logic - UAV 1 reseting to confirm target 0.
16:32:49.841 [pool-1-thread-1] DEBUG sim.uav.logic - UAV 1 began confirmation focused scanning target 0
16:32:50.054 [pool-1-thread-1] DEBUG sim.uav.logic - UAV 4 reseting to confirm target 1.
16:32:50.063 [pool-1-thread-1] DEBUG sim.uav.logic - UAV 2 reseting to confirm target 1.
16:32:50.064 [pool-1-thread-1] DEBUG sim.uav.logic - UAV 4: [N323.87, E452.29, Hdg:356.81] forced from task Monitor to Search.
16:32:50.106 [pool-1-thread-1] DEBUG sim.uav.logic - UAV 4 reseting to confirm target 1.
16:32:50.171 [pool-1-thread-1] DEBUG sim.uav.logic - UAV 4 began confirmation focused scanning target 1
16:32:50.223 [pool-1-thread-1] DEBUG sim.uav.logic - UAV 0 resetting to Attack target 5
16:32:50.224 [pool-1-thread-1] DEBUG sim.uav.logic - UAV 0 in range of Attack target 5.  Changing state from EnRoute to Performing.
16:32:50.250 [pool-1-thread-1] DEBUG sim.uav.logic - UAV 1 finished confirming target 0
16:32:50.251 [pool-1-thread-1] DEBUG sim.uav.logic - UAV 1 reseting to pending attack of target 0
16:32:50.729 [pool-1-thread-1] DEBUG sim.uav.logic - UAV 4 finished confirming target 1
16:32:50.729 [pool-1-thread-1] DEBUG sim.uav.logic - UAV 4 reseting to pending attack of target 1
16:32:51.118 [pool-1-thread-1] DEBUG sim.uav.logic - UAV 4: [N-545.99, E820.55, Hdg:205.36] forced from task Monitor to Search.
16:32:51.119 [pool-1-thread-1] DEBUG sim.uav.logic - UAV 4 resetting to Attack target 1
16:32:51.119 [pool-1-thread-1] DEBUG sim.uav.logic - UAV 4 in range of Attack target 1.  Changing state from EnRoute to Performing.
16:32:51.423 [pool-1-thread-1] DEBUG sim.uav.logic - UAV 2 began confirmation focused scanning target 1
16:32:51.485 [pool-1-thread-1] DEBUG sim.uav.logic - UAV 0 fired at target 5
16:32:51.485 [pool-1-thread-1] DEBUG sim.uav.logic - UAV 0 destroyed target 5
16:32:51.490 [pool-1-thread-1] DEBUG sim.uav.logic - UAV 3 notes that pending attack for target 5 has been completed.
16:32:51.490 [pool-1-thread-1] DEBUG sim.uav.logic - UAV 3 reseting to BDA of target 5.
16:32:51.492 [pool-1-thread-1] DEBUG sim.uav.logic - UAV 0 resetting to Attack target 0
16:32:51.492 [pool-1-thread-1] DEBUG sim.uav.logic - UAV 0 in range of Attack target 0.  Changing state from EnRoute to Performing.
16:32:51.550 [pool-1-thread-1] DEBUG sim.uav.logic - UAV 3 began BDA focused scanning target 5
16:32:51.970 [pool-1-thread-1] DEBUG sim.uav.logic - UAV 2 finished confirming target 1
16:32:51.970 [pool-1-thread-1] DEBUG sim.uav.logic - UAV 2 reseting to pending attack of target 1
16:32:52.068 [pool-1-thread-1] DEBUG sim.uav.logic - UAV 3 finished BDA scanning target 5.  It is destroyed.
16:32:52.072 [pool-1-thread-1] DEBUG sim.uav.logic - UAV 3: [N1499.84, E2199.41, Hdg:28.61] forced from task Monitor to Search.
16:32:52.073 [pool-1-thread-1] DEBUG sim.uav.logic - UAV 3 reseting to confirm target 2.
16:32:52.090 [pool-1-thread-1] DEBUG sim.uav.logic - UAV 4 fired at target 1
16:32:52.091 [pool-1-thread-1] DEBUG sim.uav.logic - UAV 4 destroyed target 1
16:32:52.096 [pool-1-thread-1] DEBUG sim.uav.logic - UAV 2 notes that pending attack for target 1 has been completed.
16:32:52.096 [pool-1-thread-1] DEBUG sim.uav.logic - UAV 2 reseting to BDA of target 1.
16:32:52.097 [pool-1-thread-1] DEBUG sim.uav.logic - UAV 4 in range of Attack target 1.  Changing state from EnRoute to Performing.
16:32:52.098 [pool-1-thread-1] DEBUG sim.uav.logic - UAV 4 fired at target 1
16:32:52.098 [pool-1-thread-1] DEBUG sim.uav.logic - UAV 4 destroyed target 1
16:32:52.102 [pool-1-thread-1] DEBUG sim.uav.logic - UAV 4 in range of Attack target 1.  Changing state from EnRoute to Performing.
16:32:52.103 [pool-1-thread-1] DEBUG sim.uav.logic - UAV 4 fired at target 1
16:32:52.105 [pool-1-thread-1] DEBUG sim.uav.logic - UAV 4 in range of Attack target 1.  Changing state from EnRoute to Performing.
16:32:52.105 [pool-1-thread-1] DEBUG sim.uav.logic - UAV 4 fired at target 1
16:32:52.108 [pool-1-thread-1] DEBUG sim.uav.logic - UAV 4 in range of Attack target 1.  Changing state from EnRoute to Performing.
16:32:52.410 [pool-1-thread-1] DEBUG sim.uav.logic - UAV 3 began confirmation focused scanning target 2
16:32:52.462 [pool-1-thread-1] DEBUG sim.uav.logic - UAV 4 fired at target 1
16:32:52.462 [pool-1-thread-1] DEBUG sim.uav.logic - UAV 4 destroyed target 1
16:32:52.463 [pool-1-thread-1] DEBUG sim.uav.logic - UAV 4 in range of Attack target 1.  Changing state from EnRoute to Performing.
16:32:52.463 [pool-1-thread-1] DEBUG sim.uav.logic - UAV 4 fired at target 1
16:32:52.463 [pool-1-thread-1] DEBUG sim.uav.logic - UAV 4 destroyed target 1
16:32:52.464 [pool-1-thread-1] DEBUG sim.uav.logic - UAV 4 in range of Attack target 1.  Changing state from EnRoute to Performing.
16:32:52.465 [pool-1-thread-1] DEBUG sim.uav.logic - UAV 4 fired at target 1
16:32:52.465 [pool-1-thread-1] DEBUG sim.uav.logic - UAV 4 in range of Attack target 1.  Changing state from EnRoute to Performing.
16:32:52.466 [pool-1-thread-1] DEBUG sim.uav.logic - UAV 4 fired at target 1
16:32:52.466 [pool-1-thread-1] DEBUG sim.uav.logic - UAV 4 destroyed target 1
16:32:52.631 [pool-1-thread-1] DEBUG sim.uav.logic - UAV 0 fired at target 0
16:32:52.631 [pool-1-thread-1] DEBUG sim.uav.logic - UAV 0 destroyed target 0
16:32:52.632 [pool-1-thread-1] DEBUG sim.uav.logic - UAV 1 notes that pending attack for target 0 has been completed.
16:32:52.632 [pool-1-thread-1] DEBUG sim.uav.logic - UAV 1 reseting to BDA of target 0.
16:32:52.632 [pool-1-thread-1] DEBUG sim.uav.logic - UAV 0 resetting to Attack target 1
16:32:52.633 [pool-1-thread-1] DEBUG sim.uav.logic - UAV 0 in range of Attack target 1.  Changing state from EnRoute to Performing.
16:32:52.634 [pool-1-thread-1] DEBUG sim.uav.logic - UAV 2: [N-566.15, E605.16, Hdg:198.70] forced from task Monitor to Search.
16:32:52.720 [pool-1-thread-1] DEBUG sim.uav.logic - UAV 1 began BDA focused scanning target 0
16:32:52.726 [pool-1-thread-1] DEBUG sim.uav.logic - UAV 3 finished confirming target 2
16:32:52.726 [pool-1-thread-1] DEBUG sim.uav.logic - UAV 3 reseting to pending attack of target 2
16:32:52.726 [pool-1-thread-1] DEBUG sim.uav.logic - UAV 2 resetting to Attack target 2
16:32:52.727 [pool-1-thread-1] DEBUG sim.uav.logic - UAV 2 in range of Attack target 2.  Changing state from EnRoute to Performing.
16:32:52.765 [pool-1-thread-1] DEBUG sim.uav.logic - UAV 4 reseting to confirm target 3.
16:32:52.893 [pool-1-thread-1] DEBUG sim.uav.logic - UAV 4 began confirmation focused scanning target 3
16:32:53.131 [pool-1-thread-1] DEBUG sim.uav.logic - UAV 1 finished BDA scanning target 0.  It is destroyed.
16:32:53.132 [pool-1-thread-1] DEBUG sim.uav.logic - UAV 1: [N1331.50, E1406.56, Hdg:316.06] forced from task Monitor to Search.
16:32:53.132 [pool-1-thread-1] DEBUG sim.uav.logic - UAV 1 reseting to confirm target 4.
16:32:53.324 [pool-1-thread-1] DEBUG sim.uav.logic - UAV 4 finished confirming target 3
16:32:53.325 [pool-1-thread-1] DEBUG sim.uav.logic - UAV 4 reseting to pending attack of target 3
16:32:53.451 [pool-1-thread-1] DEBUG sim.uav.logic - UAV 0 fired at target 1
16:32:53.452 [pool-1-thread-1] DEBUG sim.uav.logic - UAV 0 resetting to Attack target 3
16:32:53.452 [pool-1-thread-1] DEBUG sim.uav.logic - UAV 0 in range of Attack target 3.  Changing state from EnRoute to Performing.
16:32:53.758 [pool-1-thread-1] DEBUG sim.uav.logic - UAV 1 began confirmation focused scanning target 4
16:32:53.964 [pool-1-thread-1] DEBUG sim.uav.logic - UAV 0 fired at target 3
16:32:53.965 [pool-1-thread-1] DEBUG sim.uav.logic - UAV 0 destroyed target 3
16:32:53.965 [pool-1-thread-1] DEBUG sim.uav.logic - UAV 4 notes that pending attack for target 3 has been completed.
16:32:53.965 [pool-1-thread-1] DEBUG sim.uav.logic - UAV 4 reseting to BDA of target 3.
16:32:54.049 [pool-1-thread-1] DEBUG sim.uav.logic - UAV 1 finished confirming target 4
16:32:54.050 [pool-1-thread-1] DEBUG sim.uav.logic - UAV 1 reseting to pending attack of target 4
16:32:54.050 [pool-1-thread-1] DEBUG sim.uav.logic - UAV 0 resetting to Attack target 4
16:32:54.051 [pool-1-thread-1] DEBUG sim.uav.logic - UAV 0 in range of Attack target 4.  Changing state from EnRoute to Performing.
16:32:54.092 [pool-1-thread-1] DEBUG sim.uav.logic - UAV 4 began BDA focused scanning target 3
16:32:54.408 [pool-1-thread-1] DEBUG sim.uav.logic - UAV 4 finished BDA scanning target 3.  It is destroyed.
16:32:54.416 [pool-1-thread-1] DEBUG sim.uav.logic - UAV 4: [N-116.56, E2447.17, Hdg:339.41] forced from task Monitor to Search.
16:32:54.892 [pool-1-thread-1] DEBUG sim.uav.logic - UAV 2 fired at target 2
16:32:54.892 [pool-1-thread-1] DEBUG sim.uav.logic - UAV 2 destroyed target 2
16:32:54.893 [pool-1-thread-1] DEBUG sim.uav.logic - UAV 3 notes that pending attack for target 2 has been completed.
16:32:54.893 [pool-1-thread-1] DEBUG sim.uav.logic - UAV 3 reseting to BDA of target 2.
16:32:54.894 [pool-1-thread-1] DEBUG sim.uav.logic - UAV 3 began BDA focused scanning target 2
16:32:55.341 [pool-1-thread-1] DEBUG sim.uav.logic - UAV 3 finished BDA scanning target 2.  It is destroyed.
16:32:55.342 [pool-1-thread-1] DEBUG sim.uav.logic - UAV 3: [N2359.00, E1874.30, Hdg:70.95] forced from task Monitor to Search.
16:32:56.713 [pool-1-thread-1] DEBUG sim.uav.logic - UAV 0 fired at target 4
16:32:56.713 [pool-1-thread-1] DEBUG sim.uav.logic - UAV 0 destroyed target 4
16:32:56.714 [pool-1-thread-1] DEBUG sim.uav.logic - UAV 1 notes that pending attack for target 4 has been completed.
16:32:56.714 [pool-1-thread-1] DEBUG sim.uav.logic - UAV 1 reseting to BDA of target 4.
16:32:56.714 [pool-1-thread-1] INFO  sim - Simulation complete.
16:32:56.715 [pool-1-thread-1] INFO  sim - --------SIM RESULTS------------
16:32:56.715 [pool-1-thread-1] INFO  sim - Time all tgts detected: 82816ms
16:32:56.715 [pool-1-thread-1] INFO  sim - Time all tgts destroyed: 176560ms
16:32:56.715 [pool-1-thread-1] INFO  sim - Time most UAVs believe all world known: 72064ms
16:32:56.715 [pool-1-thread-1] INFO  sim - Tgt 0, found: 14864ms, destroyed: 74144ms, delta: 59280ms
16:32:56.715 [pool-1-thread-1] INFO  sim - Tgt 1, found: 27952ms, destroyed: 69664ms, delta: 41712ms
16:32:56.715 [pool-1-thread-1] INFO  sim - Tgt 2, found: 20272ms, destroyed: 136752ms, delta: 116480ms
16:32:56.715 [pool-1-thread-1] INFO  sim - Tgt 3, found: 79888ms, destroyed: 112512ms, delta: 32624ms
16:32:56.715 [pool-1-thread-1] INFO  sim - Tgt 4, found: 82816ms, destroyed: 176560ms, delta: 93744ms
16:32:56.715 [pool-1-thread-1] INFO  sim - Tgt 5, found: 4592ms, destroyed: 55424ms, delta: 50832ms

