16:44:54,067 |-INFO in ch.qos.logback.classic.LoggerContext[default] - Could NOT find resource [logback.groovy]
16:44:54,068 |-INFO in ch.qos.logback.classic.LoggerContext[default] - Could NOT find resource [logback-test.xml]
16:44:54,068 |-INFO in ch.qos.logback.classic.LoggerContext[default] - Found resource [logback.xml] at [file:/home/tansir/projects/thesis/thesis_gui/bin/logback.xml]
16:44:54,068 |-WARN in ch.qos.logback.classic.LoggerContext[default] - Resource [logback.xml] occurs multiple times on the classpath.
16:44:54,069 |-WARN in ch.qos.logback.classic.LoggerContext[default] - Resource [logback.xml] occurs at [file:/home/tansir/projects/thesis/thesis_core/bin/logback.xml]
16:44:54,069 |-WARN in ch.qos.logback.classic.LoggerContext[default] - Resource [logback.xml] occurs at [file:/home/tansir/projects/thesis/thesis_gui/bin/logback.xml]
16:44:54,149 |-INFO in ch.qos.logback.classic.joran.action.ConfigurationAction - debug attribute not set
16:44:54,154 |-INFO in ch.qos.logback.core.joran.action.AppenderAction - About to instantiate appender of type [ch.qos.logback.core.ConsoleAppender]
16:44:54,166 |-INFO in ch.qos.logback.core.joran.action.AppenderAction - Naming appender as [stdout]
16:44:54,202 |-INFO in ch.qos.logback.core.joran.action.NestedComplexPropertyIA - Assuming default type [ch.qos.logback.classic.encoder.PatternLayoutEncoder] for [encoder] property
16:44:54,286 |-INFO in ch.qos.logback.core.joran.action.AppenderAction - About to instantiate appender of type [ch.qos.logback.core.FileAppender]
16:44:54,288 |-INFO in ch.qos.logback.core.joran.action.AppenderAction - Naming appender as [fileout]
16:44:54,291 |-INFO in ch.qos.logback.core.joran.action.NestedComplexPropertyIA - Assuming default type [ch.qos.logback.classic.encoder.PatternLayoutEncoder] for [encoder] property
16:44:54,292 |-INFO in ch.qos.logback.core.FileAppender[fileout] - File property is set to [sim.log]
16:44:54,294 |-INFO in ch.qos.logback.classic.joran.action.RootLoggerAction - Setting level of ROOT logger to DEBUG
16:44:54,294 |-INFO in ch.qos.logback.core.joran.action.AppenderRefAction - Attaching appender named [stdout] to Logger[ROOT]
16:44:54,295 |-INFO in ch.qos.logback.core.joran.action.AppenderRefAction - Attaching appender named [fileout] to Logger[ROOT]
16:44:54,295 |-INFO in ch.qos.logback.classic.joran.action.ConfigurationAction - End of configuration.
16:44:54,297 |-INFO in ch.qos.logback.classic.joran.JoranConfigurator@5f5a92bb - Registering current configuration as safe fallback point

16:44:54.306 [main] INFO  main - Starting simulation GUI version 0.0.3
16:44:54.323 [main] DEBUG main - Loading simulation configuration from sim.properties.
16:44:54.673 [main] INFO  utils - Loading 2 sensor types.
16:44:54.679 [main] INFO  utils - Loading 2 target types.
16:44:54.686 [main] INFO  utils - Loading 2 weapon types.
16:44:54.690 [main] INFO  utils - Loading 2 UAV types.
16:44:54.706 [main] INFO  utils - Loaded sensor probabilities.
16:44:54.715 [main] INFO  utils - Copying 4 havens from database.
16:44:54.744 [main] DEBUG main - Sim model initialized with:
Random seed: 42
World: /home/tansir/projects/thesis/thesis_gui/../worlds/world08
Entity Types: /home/tansir/projects/thesis/thesis_gui/../config
CommsRng: 1.00
BeliefDecayRate: 0.00
MinWorldClearUncert: 0.30
16:44:54.749 [main] DEBUG sim - EntityTypes initialized with:
thesis.core.EntityTypeCfgs@1a8a8f7c
16:44:54.749 [main] DEBUG sim - World model intiliazed with:
thesis.core.serialization.world.WorldConfig@2353b3e6
16:44:54.750 [main] DEBUG sim - Resetting Target Manager.
16:44:54.751 [main] DEBUG sim - Resetting UAV Manager.
16:44:57.245 [AWT-EventQueue-0] INFO  main - Resuming simulation.
16:44:57.245 [AWT-EventQueue-0] INFO  main - Free running simulation at CPU speed
16:44:57.246 [AWT-EventQueue-0] INFO  main - Simulation unpaused.  Running with 250ms inter-frame delay.
16:44:57.981 [AWT-EventQueue-0] INFO  main - Free running simulation at CPU speed
16:44:57.981 [AWT-EventQueue-0] INFO  main - Inter-frame delay changed from 250ms to 0ms.
16:44:58.058 [pool-1-thread-1] DEBUG sim.uav.logic - UAV 1 reseting to confirm target 5.
16:44:58.079 [pool-1-thread-1] DEBUG sim.uav.logic - UAV 0 reseting to confirm target 5.
16:44:58.080 [pool-1-thread-1] DEBUG sim.uav.logic - UAV 0 began confirmation focused scanning target 5
16:44:58.084 [pool-1-thread-1] DEBUG sim.uav.logic - UAV 1: [N2298.81, E1173.89, Hdg:8.59] forced from task Monitor to Search.
16:44:58.565 [pool-1-thread-1] DEBUG sim.uav.logic - UAV 2 reseting to confirm target 0.
16:44:58.566 [pool-1-thread-1] DEBUG sim.uav.logic - UAV 2 began confirmation focused scanning target 0
16:44:58.644 [pool-1-thread-1] DEBUG sim.uav.logic - UAV 0 finished confirming target 5
16:44:58.644 [pool-1-thread-1] DEBUG sim.uav.logic - UAV 0 reseting to pending attack of target 5
16:44:58.645 [pool-1-thread-1] DEBUG sim.uav.logic - UAV 1 resetting to Attack target 5
16:44:58.646 [pool-1-thread-1] DEBUG sim.uav.logic - UAV 1 in range of Attack target 5.  Changing state from EnRoute to Performing.
16:44:59.207 [pool-1-thread-1] DEBUG sim.uav.logic - UAV 2 finished confirming target 0
16:44:59.207 [pool-1-thread-1] DEBUG sim.uav.logic - UAV 2 reseting to pending attack of target 0
16:44:59.208 [pool-1-thread-1] DEBUG sim.uav.logic - UAV 3 resetting to Attack target 0
16:44:59.208 [pool-1-thread-1] DEBUG sim.uav.logic - UAV 3 in range of Attack target 0.  Changing state from EnRoute to Performing.
16:44:59.642 [pool-1-thread-1] DEBUG sim.uav.logic - UAV 1 fired at target 5
16:44:59.642 [pool-1-thread-1] DEBUG sim.uav.logic - UAV 1 destroyed target 5
16:44:59.645 [pool-1-thread-1] DEBUG sim.uav.logic - UAV 0 notes that pending attack for target 5 has been completed.
16:44:59.645 [pool-1-thread-1] DEBUG sim.uav.logic - UAV 0 reseting to BDA of target 5.
16:44:59.646 [pool-1-thread-1] DEBUG sim.uav.logic - UAV 1 in range of Attack target 5.  Changing state from EnRoute to Performing.
16:44:59.647 [pool-1-thread-1] DEBUG sim.uav.logic - UAV 1 fired at target 5
16:44:59.648 [pool-1-thread-1] DEBUG sim.uav.logic - UAV 1 destroyed target 5
16:44:59.649 [pool-1-thread-1] DEBUG sim.uav.logic - UAV 4 resetting to Attack target 5
16:44:59.650 [pool-1-thread-1] DEBUG sim.uav.logic - UAV 4 in range of Attack target 5.  Changing state from EnRoute to Performing.
16:44:59.651 [pool-1-thread-1] DEBUG sim.uav.logic - UAV 1 in range of Attack target 5.  Changing state from EnRoute to Performing.
16:44:59.652 [pool-1-thread-1] DEBUG sim.uav.logic - UAV 4: [N-243.28, E1239.81, Hdg:30.57] forced from task Attack to Search.
16:44:59.892 [pool-1-thread-1] DEBUG sim.uav.logic - UAV 1 fired at target 5
16:44:59.895 [pool-1-thread-1] DEBUG sim.uav.logic - UAV 1 in range of Attack target 5.  Changing state from EnRoute to Performing.
16:44:59.895 [pool-1-thread-1] DEBUG sim.uav.logic - UAV 1 fired at target 5
16:44:59.895 [pool-1-thread-1] DEBUG sim.uav.logic - UAV 1 destroyed target 5
16:44:59.896 [pool-1-thread-1] DEBUG sim.uav.logic - UAV 4 resetting to Attack target 5
16:44:59.898 [pool-1-thread-1] DEBUG sim.uav.logic - UAV 4 in range of Attack target 5.  Changing state from EnRoute to Performing.
16:45:00.717 [pool-1-thread-1] DEBUG sim.uav.logic - UAV 1 reseting to confirm target 4.
16:45:01.099 [pool-1-thread-1] DEBUG sim.uav.logic - UAV 0 began BDA focused scanning target 5
16:45:01.567 [pool-1-thread-1] DEBUG sim.uav.logic - UAV 1 began confirmation focused scanning target 4
16:45:02.289 [pool-1-thread-1] DEBUG sim.uav.logic - UAV 0 finished BDA scanning target 5.  It is destroyed.
16:45:02.293 [pool-1-thread-1] DEBUG sim.uav.logic - UAV 0: [N1983.35, E1947.88, Hdg:260.16] forced from task Monitor to Search.
16:45:02.598 [pool-1-thread-1] DEBUG sim.uav.logic - UAV 3 fired at target 0
16:45:02.599 [pool-1-thread-1] DEBUG sim.uav.logic - UAV 3 destroyed target 0
16:45:02.600 [pool-1-thread-1] DEBUG sim.uav.logic - UAV 2 notes that pending attack for target 0 has been completed.
16:45:02.601 [pool-1-thread-1] DEBUG sim.uav.logic - UAV 2 reseting to BDA of target 0.
16:45:02.601 [pool-1-thread-1] DEBUG sim.uav.logic - UAV 3 in range of Attack target 0.  Changing state from EnRoute to Performing.
16:45:02.602 [pool-1-thread-1] DEBUG sim.uav.logic - UAV 3 fired at target 0
16:45:02.602 [pool-1-thread-1] DEBUG sim.uav.logic - UAV 3 destroyed target 0
16:45:02.603 [pool-1-thread-1] DEBUG sim.uav.logic - UAV 4 resetting to Attack target 0
16:45:02.604 [pool-1-thread-1] DEBUG sim.uav.logic - UAV 4 in range of Attack target 0.  Changing state from EnRoute to Performing.
16:45:02.604 [pool-1-thread-1] DEBUG sim.uav.logic - UAV 0 resetting to Attack target 0
16:45:02.605 [pool-1-thread-1] DEBUG sim.uav.logic - UAV 0 in range of Attack target 0.  Changing state from EnRoute to Performing.
16:45:02.608 [pool-1-thread-1] DEBUG sim.uav.logic - UAV 3 in range of Attack target 0.  Changing state from EnRoute to Performing.
16:45:02.609 [pool-1-thread-1] DEBUG sim.uav.logic - UAV 3 fired at target 0
16:45:02.610 [pool-1-thread-1] DEBUG sim.uav.logic - UAV 3 destroyed target 0
16:45:02.610 [pool-1-thread-1] DEBUG sim.uav.logic - UAV 4 in range of Attack target 0.  Changing state from EnRoute to Performing.
16:45:02.611 [pool-1-thread-1] DEBUG sim.uav.logic - UAV 0 in range of Attack target 0.  Changing state from EnRoute to Performing.
16:45:02.613 [pool-1-thread-1] DEBUG sim.uav.logic - UAV 3 in range of Attack target 0.  Changing state from EnRoute to Performing.
16:45:02.613 [pool-1-thread-1] DEBUG sim.uav.logic - UAV 3 fired at target 0
16:45:02.613 [pool-1-thread-1] DEBUG sim.uav.logic - UAV 3 destroyed target 0
16:45:02.614 [pool-1-thread-1] DEBUG sim.uav.logic - UAV 4 in range of Attack target 0.  Changing state from EnRoute to Performing.
16:45:02.615 [pool-1-thread-1] DEBUG sim.uav.logic - UAV 0 in range of Attack target 0.  Changing state from EnRoute to Performing.
16:45:02.615 [pool-1-thread-1] DEBUG sim.uav.logic - UAV 3 in range of Attack target 0.  Changing state from EnRoute to Performing.
16:45:02.616 [pool-1-thread-1] DEBUG sim.uav.logic - UAV 4: [N1264.58, E1855.16, Hdg:93.02] forced from task Attack to Search.
16:45:02.628 [pool-1-thread-1] DEBUG sim.uav.logic - UAV 0: [N1869.02, E1902.22, Hdg:236.48] forced from task Attack to Search.
16:45:02.884 [pool-1-thread-1] DEBUG sim.uav.logic - UAV 1 finished confirming target 4
16:45:02.884 [pool-1-thread-1] DEBUG sim.uav.logic - UAV 1 reseting to pending attack of target 4
16:45:02.885 [pool-1-thread-1] DEBUG sim.uav.logic - UAV 4 resetting to Attack target 4
16:45:02.886 [pool-1-thread-1] DEBUG sim.uav.logic - UAV 4 in range of Attack target 4.  Changing state from EnRoute to Performing.
16:45:03.279 [pool-1-thread-1] DEBUG sim.uav.logic - UAV 3 fired at target 0
16:45:03.280 [pool-1-thread-1] DEBUG sim.uav.logic - UAV 3 destroyed target 0
16:45:03.283 [pool-1-thread-1] DEBUG sim.uav.logic - UAV 3 in range of Attack target 0.  Changing state from EnRoute to Performing.
16:45:03.283 [pool-1-thread-1] DEBUG sim.uav.logic - UAV 3 fired at target 0
16:45:03.284 [pool-1-thread-1] DEBUG sim.uav.logic - UAV 3 destroyed target 0
16:45:03.285 [pool-1-thread-1] DEBUG sim.uav.logic - UAV 0 resetting to Attack target 0
16:45:03.285 [pool-1-thread-1] DEBUG sim.uav.logic - UAV 0 in range of Attack target 0.  Changing state from EnRoute to Performing.
16:45:03.286 [pool-1-thread-1] DEBUG sim.uav.logic - UAV 3 in range of Attack target 0.  Changing state from EnRoute to Performing.
16:45:03.286 [pool-1-thread-1] DEBUG sim.uav.logic - UAV 3 fired at target 0
16:45:03.287 [pool-1-thread-1] DEBUG sim.uav.logic - UAV 3 destroyed target 0
16:45:03.287 [pool-1-thread-1] DEBUG sim.uav.logic - UAV 0 in range of Attack target 0.  Changing state from EnRoute to Performing.
16:45:03.289 [pool-1-thread-1] DEBUG sim.uav.logic - UAV 3 in range of Attack target 0.  Changing state from EnRoute to Performing.
16:45:03.289 [pool-1-thread-1] DEBUG sim.uav.logic - UAV 3 fired at target 0
16:45:03.290 [pool-1-thread-1] DEBUG sim.uav.logic - UAV 3 destroyed target 0
16:45:03.292 [pool-1-thread-1] DEBUG sim.uav.logic - UAV 0 in range of Attack target 0.  Changing state from EnRoute to Performing.
16:45:03.593 [pool-1-thread-1] DEBUG sim.uav.logic - UAV 3 reseting to confirm target 2.
16:45:04.559 [pool-1-thread-1] DEBUG sim.uav.logic - UAV 4 fired at target 4
16:45:04.559 [pool-1-thread-1] DEBUG sim.uav.logic - UAV 4 destroyed target 4
16:45:04.559 [pool-1-thread-1] DEBUG sim.uav.logic - UAV 1 notes that pending attack for target 4 has been completed.
16:45:04.560 [pool-1-thread-1] DEBUG sim.uav.logic - UAV 1 reseting to BDA of target 4.
16:45:04.560 [pool-1-thread-1] DEBUG sim.uav.logic - UAV 4 in range of Attack target 4.  Changing state from EnRoute to Performing.
16:45:04.561 [pool-1-thread-1] DEBUG sim.uav.logic - UAV 4 fired at target 4
16:45:04.561 [pool-1-thread-1] DEBUG sim.uav.logic - UAV 4 destroyed target 4
16:45:04.563 [pool-1-thread-1] DEBUG sim.uav.logic - UAV 4 in range of Attack target 4.  Changing state from EnRoute to Performing.
16:45:04.563 [pool-1-thread-1] DEBUG sim.uav.logic - UAV 4 fired at target 4
16:45:04.563 [pool-1-thread-1] DEBUG sim.uav.logic - UAV 4 destroyed target 4
16:45:04.565 [pool-1-thread-1] DEBUG sim.uav.logic - UAV 4 in range of Attack target 4.  Changing state from EnRoute to Performing.
16:45:04.566 [pool-1-thread-1] DEBUG sim.uav.logic - UAV 4 fired at target 4
16:45:04.566 [pool-1-thread-1] DEBUG sim.uav.logic - UAV 4 destroyed target 4
16:45:04.568 [pool-1-thread-1] DEBUG sim.uav.logic - UAV 4 in range of Attack target 4.  Changing state from EnRoute to Performing.
16:45:05.167 [pool-1-thread-1] DEBUG sim.uav.logic - UAV 3 began confirmation focused scanning target 2
16:45:05.418 [pool-1-thread-1] DEBUG sim.uav.logic - UAV 1 began BDA focused scanning target 4
16:45:05.524 [pool-1-thread-1] DEBUG sim.uav.logic - UAV 2 began BDA focused scanning target 0
16:45:05.542 [pool-1-thread-1] DEBUG sim.uav.logic - UAV 4 fired at target 4
16:45:05.543 [pool-1-thread-1] DEBUG sim.uav.logic - UAV 4 destroyed target 4
16:45:05.545 [pool-1-thread-1] DEBUG sim.uav.logic - UAV 4 in range of Attack target 4.  Changing state from EnRoute to Performing.
16:45:05.545 [pool-1-thread-1] DEBUG sim.uav.logic - UAV 4 fired at target 4
16:45:05.547 [pool-1-thread-1] DEBUG sim.uav.logic - UAV 4 in range of Attack target 4.  Changing state from EnRoute to Performing.
16:45:05.548 [pool-1-thread-1] DEBUG sim.uav.logic - UAV 4 fired at target 4
16:45:05.548 [pool-1-thread-1] DEBUG sim.uav.logic - UAV 4 destroyed target 4
16:45:05.550 [pool-1-thread-1] DEBUG sim.uav.logic - UAV 4 in range of Attack target 4.  Changing state from EnRoute to Performing.
16:45:05.550 [pool-1-thread-1] DEBUG sim.uav.logic - UAV 4 fired at target 4
16:45:05.553 [pool-1-thread-1] DEBUG sim.uav.logic - UAV 4 reseting to confirm target 3.
16:45:06.815 [pool-1-thread-1] DEBUG sim.uav.logic - UAV 4 began confirmation focused scanning target 3
16:45:06.859 [pool-1-thread-1] DEBUG sim.uav.logic - UAV 3 finished confirming target 2
16:45:06.859 [pool-1-thread-1] DEBUG sim.uav.logic - UAV 3 reseting to pending attack of target 2
16:45:06.965 [pool-1-thread-1] DEBUG sim.uav.logic - UAV 0 fired at target 0
16:45:06.967 [pool-1-thread-1] DEBUG sim.uav.logic - UAV 0 resetting to Attack target 4
16:45:06.967 [pool-1-thread-1] DEBUG sim.uav.logic - UAV 0 in range of Attack target 4.  Changing state from EnRoute to Performing.
16:45:07.097 [pool-1-thread-1] DEBUG sim.uav.logic - UAV 1 finished BDA scanning target 4.  It is destroyed.
16:45:07.100 [pool-1-thread-1] DEBUG sim.uav.logic - UAV 1: [N940.84, E1438.65, Hdg:37.24] forced from task Monitor to Search.
16:45:07.236 [pool-1-thread-1] DEBUG sim.uav.logic - UAV 2 finished BDA scanning target 0.  It is destroyed.
16:45:07.239 [pool-1-thread-1] DEBUG sim.uav.logic - UAV 2: [N534.75, E-140.56, Hdg:295.51] forced from task Monitor to Search.
16:45:07.240 [pool-1-thread-1] DEBUG sim.uav.logic - UAV 2 resetting to Attack target 2
16:45:07.240 [pool-1-thread-1] DEBUG sim.uav.logic - UAV 2 in range of Attack target 2.  Changing state from EnRoute to Performing.
16:45:08.323 [pool-1-thread-1] DEBUG sim.uav.logic - UAV 4 finished confirming target 3
16:45:08.323 [pool-1-thread-1] DEBUG sim.uav.logic - UAV 4 reseting to pending attack of target 3
16:45:10.033 [pool-1-thread-1] DEBUG sim.uav.logic - UAV 0 fired at target 4
16:45:10.033 [pool-1-thread-1] DEBUG sim.uav.logic - UAV 0 destroyed target 4
16:45:10.037 [pool-1-thread-1] DEBUG sim.uav.logic - UAV 0 resetting to Attack target 3
16:45:10.037 [pool-1-thread-1] DEBUG sim.uav.logic - UAV 0 in range of Attack target 3.  Changing state from EnRoute to Performing.
16:45:11.509 [pool-1-thread-1] DEBUG sim.uav.logic - UAV 2 fired at target 2
16:45:11.510 [pool-1-thread-1] DEBUG sim.uav.logic - UAV 3 notes that pending attack for target 2 has been completed.
16:45:11.510 [pool-1-thread-1] DEBUG sim.uav.logic - UAV 3 reseting to BDA of target 2.
16:45:12.974 [pool-1-thread-1] DEBUG sim.uav.logic - UAV 0 fired at target 3
16:45:12.976 [pool-1-thread-1] DEBUG sim.uav.logic - UAV 4 notes that pending attack for target 3 has been completed.
16:45:12.976 [pool-1-thread-1] DEBUG sim.uav.logic - UAV 4 reseting to BDA of target 3.
16:45:14.212 [pool-1-thread-1] DEBUG sim.uav.logic - UAV 1 reseting to confirm target 1.
16:45:14.212 [pool-1-thread-1] DEBUG sim.uav.logic - UAV 1 began confirmation focused scanning target 1
16:45:14.737 [pool-1-thread-1] DEBUG sim.uav.logic - UAV 3 began BDA focused scanning target 2
16:45:16.070 [pool-1-thread-1] DEBUG sim.uav.logic - UAV 1 finished confirming target 1
16:45:16.070 [pool-1-thread-1] DEBUG sim.uav.logic - UAV 1 reseting to pending attack of target 1
16:45:16.070 [pool-1-thread-1] DEBUG sim.uav.logic - UAV 2 resetting to Attack target 1
16:45:16.071 [pool-1-thread-1] DEBUG sim.uav.logic - UAV 2 in range of Attack target 1.  Changing state from EnRoute to Performing.
16:45:16.527 [pool-1-thread-1] DEBUG sim.uav.logic - UAV 3 finished BDA scanning target 2.  It is NOT destroyed.
16:45:16.528 [pool-1-thread-1] DEBUG sim.uav.logic - UAV 3 reseting to pending attack of target 2
16:45:16.529 [pool-1-thread-1] DEBUG sim.uav.logic - UAV 0 resetting to Attack target 2
16:45:16.529 [pool-1-thread-1] DEBUG sim.uav.logic - UAV 0 in range of Attack target 2.  Changing state from EnRoute to Performing.
16:45:16.621 [pool-1-thread-1] DEBUG sim.uav.logic - UAV 4 began BDA focused scanning target 3
16:45:18.511 [pool-1-thread-1] DEBUG sim.uav.logic - UAV 4 finished BDA scanning target 3.  It is NOT destroyed.
16:45:18.511 [pool-1-thread-1] DEBUG sim.uav.logic - UAV 4 reseting to pending attack of target 3
16:45:20.364 [pool-1-thread-1] DEBUG sim.uav.logic - UAV 2 fired at target 1
16:45:20.367 [pool-1-thread-1] DEBUG sim.uav.logic - UAV 2 in range of Attack target 1.  Changing state from EnRoute to Performing.
16:45:20.367 [pool-1-thread-1] DEBUG sim.uav.logic - UAV 2 fired at target 1
16:45:20.367 [pool-1-thread-1] DEBUG sim.uav.logic - UAV 2 destroyed target 1
16:45:20.373 [pool-1-thread-1] DEBUG sim.uav.logic - UAV 1 notes that pending attack for target 1 has been completed.
16:45:20.374 [pool-1-thread-1] DEBUG sim.uav.logic - UAV 1 reseting to BDA of target 1.
16:45:20.375 [pool-1-thread-1] DEBUG sim.uav.logic - UAV 2 in range of Attack target 1.  Changing state from EnRoute to Performing.
16:45:20.375 [pool-1-thread-1] DEBUG sim.uav.logic - UAV 2 fired at target 1
16:45:20.377 [pool-1-thread-1] DEBUG sim.uav.logic - UAV 1 began BDA focused scanning target 1
16:45:20.378 [pool-1-thread-1] DEBUG sim.uav.logic - UAV 2 in range of Attack target 1.  Changing state from EnRoute to Performing.
16:45:21.392 [pool-1-thread-1] DEBUG sim.uav.logic - UAV 2 fired at target 1
16:45:21.392 [pool-1-thread-1] DEBUG sim.uav.logic - UAV 2 destroyed target 1
16:45:21.400 [pool-1-thread-1] DEBUG sim.uav.logic - UAV 2 in range of Attack target 1.  Changing state from EnRoute to Performing.
16:45:21.400 [pool-1-thread-1] DEBUG sim.uav.logic - UAV 2 fired at target 1
16:45:21.400 [pool-1-thread-1] DEBUG sim.uav.logic - UAV 2 destroyed target 1
16:45:21.403 [pool-1-thread-1] DEBUG sim.uav.logic - UAV 2 in range of Attack target 1.  Changing state from EnRoute to Performing.
16:45:21.403 [pool-1-thread-1] DEBUG sim.uav.logic - UAV 2 fired at target 1
16:45:21.403 [pool-1-thread-1] DEBUG sim.uav.logic - UAV 2 destroyed target 1
16:45:21.406 [pool-1-thread-1] DEBUG sim.uav.logic - UAV 2 in range of Attack target 1.  Changing state from EnRoute to Performing.
16:45:21.407 [pool-1-thread-1] DEBUG sim.uav.logic - UAV 2 fired at target 1
16:45:21.454 [pool-1-thread-1] DEBUG sim.uav.logic - UAV 0 fired at target 2
16:45:21.455 [pool-1-thread-1] DEBUG sim.uav.logic - UAV 0 destroyed target 2
16:45:21.457 [pool-1-thread-1] DEBUG sim.uav.logic - UAV 3 notes that pending attack for target 2 has been completed.
16:45:21.457 [pool-1-thread-1] DEBUG sim.uav.logic - UAV 3 reseting to BDA of target 2.
16:45:21.458 [pool-1-thread-1] DEBUG sim.uav.logic - UAV 0 resetting to Attack target 3
16:45:21.458 [pool-1-thread-1] DEBUG sim.uav.logic - UAV 0 in range of Attack target 3.  Changing state from EnRoute to Performing.
16:45:21.460 [pool-1-thread-1] DEBUG sim.uav.logic - UAV 3 began BDA focused scanning target 2
16:45:22.453 [pool-1-thread-1] DEBUG sim.uav.logic - UAV 1 finished BDA scanning target 1.  It is destroyed.
16:45:22.457 [pool-1-thread-1] DEBUG sim.uav.logic - UAV 1: [N1382.84, E1858.58, Hdg:96.44] forced from task Monitor to Search.
16:45:23.590 [pool-1-thread-1] DEBUG sim.uav.logic - UAV 3 finished BDA scanning target 2.  It is destroyed.
16:45:23.593 [pool-1-thread-1] DEBUG sim.uav.logic - UAV 3: [N1928.47, E107.38, Hdg:127.52] forced from task Monitor to Search.
16:45:29.410 [pool-1-thread-1] DEBUG sim.uav.logic - UAV 0 fired at target 3
16:45:29.410 [pool-1-thread-1] DEBUG sim.uav.logic - UAV 0 destroyed target 3
16:45:29.413 [pool-1-thread-1] DEBUG sim.uav.logic - UAV 4 notes that pending attack for target 3 has been completed.
16:45:29.413 [pool-1-thread-1] DEBUG sim.uav.logic - UAV 4 reseting to BDA of target 3.
16:45:29.413 [pool-1-thread-1] INFO  sim - Simulation complete.
16:45:29.413 [pool-1-thread-1] INFO  sim - --------SIM RESULTS------------
16:45:29.413 [pool-1-thread-1] INFO  sim - Time all tgts detected: 131136ms
16:45:29.413 [pool-1-thread-1] INFO  sim - Time all tgts destroyed: 203136ms
16:45:29.413 [pool-1-thread-1] INFO  sim - Time most UAVs believe all world known: 35344ms
16:45:29.414 [pool-1-thread-1] INFO  sim - Tgt 0, found: 9728ms, destroyed: 56736ms, delta: 47008ms
16:45:29.414 [pool-1-thread-1] INFO  sim - Tgt 1, found: 131136ms, destroyed: 168480ms, delta: 37344ms
16:45:29.414 [pool-1-thread-1] INFO  sim - Tgt 2, found: 59008ms, destroyed: 168736ms, delta: 109728ms
16:45:29.414 [pool-1-thread-1] INFO  sim - Tgt 3, found: 66480ms, destroyed: 203136ms, delta: 136656ms
16:45:29.414 [pool-1-thread-1] INFO  sim - Tgt 4, found: 35792ms, destroyed: 102704ms, delta: 66912ms
16:45:29.414 [pool-1-thread-1] INFO  sim - Tgt 5, found: 592ms, destroyed: 27504ms, delta: 26912ms

