16:33:51,276 |-INFO in ch.qos.logback.classic.LoggerContext[default] - Could NOT find resource [logback.groovy]
16:33:51,276 |-INFO in ch.qos.logback.classic.LoggerContext[default] - Could NOT find resource [logback-test.xml]
16:33:51,276 |-INFO in ch.qos.logback.classic.LoggerContext[default] - Found resource [logback.xml] at [file:/home/tansir/projects/thesis/thesis_gui/bin/logback.xml]
16:33:51,277 |-WARN in ch.qos.logback.classic.LoggerContext[default] - Resource [logback.xml] occurs multiple times on the classpath.
16:33:51,277 |-WARN in ch.qos.logback.classic.LoggerContext[default] - Resource [logback.xml] occurs at [file:/home/tansir/projects/thesis/thesis_core/bin/logback.xml]
16:33:51,277 |-WARN in ch.qos.logback.classic.LoggerContext[default] - Resource [logback.xml] occurs at [file:/home/tansir/projects/thesis/thesis_gui/bin/logback.xml]
16:33:51,370 |-INFO in ch.qos.logback.classic.joran.action.ConfigurationAction - debug attribute not set
16:33:51,375 |-INFO in ch.qos.logback.core.joran.action.AppenderAction - About to instantiate appender of type [ch.qos.logback.core.ConsoleAppender]
16:33:51,384 |-INFO in ch.qos.logback.core.joran.action.AppenderAction - Naming appender as [stdout]
16:33:51,414 |-INFO in ch.qos.logback.core.joran.action.NestedComplexPropertyIA - Assuming default type [ch.qos.logback.classic.encoder.PatternLayoutEncoder] for [encoder] property
16:33:51,496 |-INFO in ch.qos.logback.core.joran.action.AppenderAction - About to instantiate appender of type [ch.qos.logback.core.FileAppender]
16:33:51,498 |-INFO in ch.qos.logback.core.joran.action.AppenderAction - Naming appender as [fileout]
16:33:51,501 |-INFO in ch.qos.logback.core.joran.action.NestedComplexPropertyIA - Assuming default type [ch.qos.logback.classic.encoder.PatternLayoutEncoder] for [encoder] property
16:33:51,502 |-INFO in ch.qos.logback.core.FileAppender[fileout] - File property is set to [sim.log]
16:33:51,504 |-INFO in ch.qos.logback.classic.joran.action.RootLoggerAction - Setting level of ROOT logger to DEBUG
16:33:51,504 |-INFO in ch.qos.logback.core.joran.action.AppenderRefAction - Attaching appender named [stdout] to Logger[ROOT]
16:33:51,505 |-INFO in ch.qos.logback.core.joran.action.AppenderRefAction - Attaching appender named [fileout] to Logger[ROOT]
16:33:51,505 |-INFO in ch.qos.logback.classic.joran.action.ConfigurationAction - End of configuration.
16:33:51,508 |-INFO in ch.qos.logback.classic.joran.JoranConfigurator@5f5a92bb - Registering current configuration as safe fallback point

16:33:51.514 [main] INFO  main - Starting simulation GUI version 0.0.3
16:33:51.533 [main] DEBUG main - Loading simulation configuration from sim.properties.
16:33:51.859 [main] INFO  utils - Loading 2 sensor types.
16:33:51.865 [main] INFO  utils - Loading 2 target types.
16:33:51.871 [main] INFO  utils - Loading 2 weapon types.
16:33:51.880 [main] INFO  utils - Loading 2 UAV types.
16:33:51.904 [main] INFO  utils - Loaded sensor probabilities.
16:33:51.914 [main] INFO  utils - Copying 4 havens from database.
16:33:51.941 [main] DEBUG main - Sim model initialized with:
Random seed: 42
World: /home/tansir/projects/thesis/thesis_gui/../worlds/world08
Entity Types: /home/tansir/projects/thesis/thesis_gui/../config
CommsRng: 0.20
BeliefDecayRate: 0.00
MinWorldClearUncert: 0.30
16:33:51.950 [main] DEBUG sim - EntityTypes initialized with:
thesis.core.EntityTypeCfgs@3cb1ffe6
16:33:51.951 [main] DEBUG sim - World model intiliazed with:
thesis.core.serialization.world.WorldConfig@3dfc5fb8
16:33:51.952 [main] DEBUG sim - Resetting Target Manager.
16:33:51.953 [main] DEBUG sim - Resetting UAV Manager.
16:33:54.156 [AWT-EventQueue-0] INFO  main - Resuming simulation.
16:33:54.156 [AWT-EventQueue-0] INFO  main - Free running simulation at CPU speed
16:33:54.156 [AWT-EventQueue-0] INFO  main - Simulation unpaused.  Running with 250ms inter-frame delay.
16:33:55.124 [AWT-EventQueue-0] INFO  main - Free running simulation at CPU speed
16:33:55.124 [AWT-EventQueue-0] INFO  main - Inter-frame delay changed from 250ms to 0ms.
16:33:55.308 [pool-1-thread-1] DEBUG sim.uav.logic - UAV 1 reseting to confirm target 5.
16:33:55.383 [pool-1-thread-1] DEBUG sim.uav.logic - UAV 0 reseting to confirm target 5.
16:33:55.384 [pool-1-thread-1] DEBUG sim.uav.logic - UAV 0 began confirmation focused scanning target 5
16:33:55.385 [pool-1-thread-1] DEBUG sim.uav.logic - UAV 1: [N2296.55, E1275.38, Hdg:357.13] forced from task Monitor to Search.
16:33:55.613 [pool-1-thread-1] DEBUG sim.uav.logic - UAV 2 reseting to confirm target 0.
16:33:55.614 [pool-1-thread-1] DEBUG sim.uav.logic - UAV 2 began confirmation focused scanning target 0
16:33:55.675 [pool-1-thread-1] DEBUG sim.uav.logic - UAV 0 finished confirming target 5
16:33:55.678 [pool-1-thread-1] DEBUG sim.uav.logic - UAV 0 reseting to pending attack of target 5
16:33:55.678 [pool-1-thread-1] DEBUG sim.uav.logic - UAV 1 resetting to Attack target 5
16:33:55.679 [pool-1-thread-1] DEBUG sim.uav.logic - UAV 1 in range of Attack target 5.  Changing state from EnRoute to Performing.
16:33:55.869 [pool-1-thread-1] DEBUG sim.uav.logic - UAV 1 fired at target 5
16:33:55.869 [pool-1-thread-1] DEBUG sim.uav.logic - UAV 1 destroyed target 5
16:33:55.870 [pool-1-thread-1] DEBUG sim.uav.logic - UAV 0 notes that pending attack for target 5 has been completed.
16:33:55.870 [pool-1-thread-1] DEBUG sim.uav.logic - UAV 0 reseting to BDA of target 5.
16:33:55.871 [pool-1-thread-1] DEBUG sim.uav.logic - UAV 1 in range of Attack target 5.  Changing state from EnRoute to Performing.
16:33:55.871 [pool-1-thread-1] DEBUG sim.uav.logic - UAV 1 fired at target 5
16:33:55.872 [pool-1-thread-1] DEBUG sim.uav.logic - UAV 1 destroyed target 5
16:33:55.872 [pool-1-thread-1] DEBUG sim.uav.logic - UAV 1 in range of Attack target 5.  Changing state from EnRoute to Performing.
16:33:55.905 [pool-1-thread-1] DEBUG sim.uav.logic - UAV 2 finished confirming target 0
16:33:55.906 [pool-1-thread-1] DEBUG sim.uav.logic - UAV 2 reseting to pending attack of target 0
16:33:55.906 [pool-1-thread-1] DEBUG sim.uav.logic - UAV 3 resetting to Attack target 0
16:33:55.907 [pool-1-thread-1] DEBUG sim.uav.logic - UAV 3 in range of Attack target 0.  Changing state from EnRoute to Performing.
16:33:55.967 [pool-1-thread-1] DEBUG sim.uav.logic - UAV 1 fired at target 5
16:33:55.969 [pool-1-thread-1] DEBUG sim.uav.logic - UAV 1 destroyed target 5
16:33:55.970 [pool-1-thread-1] DEBUG sim.uav.logic - UAV 1 in range of Attack target 5.  Changing state from EnRoute to Performing.
16:33:55.970 [pool-1-thread-1] DEBUG sim.uav.logic - UAV 1 fired at target 5
16:33:55.970 [pool-1-thread-1] DEBUG sim.uav.logic - UAV 1 destroyed target 5
16:33:56.046 [pool-1-thread-1] DEBUG sim.uav.logic - UAV 4 reseting to confirm target 3.
16:33:56.456 [pool-1-thread-1] DEBUG sim.uav.logic - UAV 4 began confirmation focused scanning target 3
16:33:56.481 [pool-1-thread-1] DEBUG sim.uav.logic - UAV 1 reseting to confirm target 4.
16:33:56.482 [pool-1-thread-1] DEBUG sim.uav.logic - UAV 1 began confirmation focused scanning target 4
16:33:56.638 [pool-1-thread-1] DEBUG sim.uav.logic - UAV 0 began BDA focused scanning target 5
16:33:56.796 [pool-1-thread-1] DEBUG sim.uav.logic - UAV 4 finished confirming target 3
16:33:56.797 [pool-1-thread-1] DEBUG sim.uav.logic - UAV 4 reseting to pending attack of target 3
16:33:56.809 [pool-1-thread-1] DEBUG sim.uav.logic - UAV 1 finished confirming target 4
16:33:56.812 [pool-1-thread-1] DEBUG sim.uav.logic - UAV 1 reseting to pending attack of target 4
16:33:56.989 [pool-1-thread-1] DEBUG sim.uav.logic - UAV 0 finished BDA scanning target 5.  It is destroyed.
16:33:56.992 [pool-1-thread-1] DEBUG sim.uav.logic - UAV 0: [N2099.43, E1929.88, Hdg:233.81] forced from task Monitor to Search.
16:33:56.993 [pool-1-thread-1] DEBUG sim.uav.logic - UAV 0 resetting to Attack target 4
16:33:56.994 [pool-1-thread-1] DEBUG sim.uav.logic - UAV 0 in range of Attack target 4.  Changing state from EnRoute to Performing.
16:33:57.119 [pool-1-thread-1] DEBUG sim.uav.logic - UAV 3 fired at target 0
16:33:57.119 [pool-1-thread-1] DEBUG sim.uav.logic - UAV 3 destroyed target 0
16:33:57.125 [pool-1-thread-1] DEBUG sim.uav.logic - UAV 2 notes that pending attack for target 0 has been completed.
16:33:57.126 [pool-1-thread-1] DEBUG sim.uav.logic - UAV 2 reseting to BDA of target 0.
16:33:57.127 [pool-1-thread-1] DEBUG sim.uav.logic - UAV 3 in range of Attack target 0.  Changing state from EnRoute to Performing.
16:33:57.127 [pool-1-thread-1] DEBUG sim.uav.logic - UAV 3 fired at target 0
16:33:57.128 [pool-1-thread-1] DEBUG sim.uav.logic - UAV 3 destroyed target 0
16:33:57.128 [pool-1-thread-1] DEBUG sim.uav.logic - UAV 3 in range of Attack target 0.  Changing state from EnRoute to Performing.
16:33:57.129 [pool-1-thread-1] DEBUG sim.uav.logic - UAV 3 fired at target 0
16:33:57.129 [pool-1-thread-1] DEBUG sim.uav.logic - UAV 3 in range of Attack target 0.  Changing state from EnRoute to Performing.
16:33:57.130 [pool-1-thread-1] DEBUG sim.uav.logic - UAV 3 fired at target 0
16:33:57.130 [pool-1-thread-1] DEBUG sim.uav.logic - UAV 3 destroyed target 0
16:33:57.133 [pool-1-thread-1] DEBUG sim.uav.logic - UAV 3 in range of Attack target 0.  Changing state from EnRoute to Performing.
16:33:57.135 [pool-1-thread-1] DEBUG sim.uav.logic - UAV 3 fired at target 0
16:33:57.136 [pool-1-thread-1] DEBUG sim.uav.logic - UAV 3 destroyed target 0
16:33:57.137 [pool-1-thread-1] DEBUG sim.uav.logic - UAV 3 in range of Attack target 0.  Changing state from EnRoute to Performing.
16:33:57.138 [pool-1-thread-1] DEBUG sim.uav.logic - UAV 3 fired at target 0
16:33:57.138 [pool-1-thread-1] DEBUG sim.uav.logic - UAV 3 destroyed target 0
16:33:57.139 [pool-1-thread-1] DEBUG sim.uav.logic - UAV 3 in range of Attack target 0.  Changing state from EnRoute to Performing.
16:33:57.139 [pool-1-thread-1] DEBUG sim.uav.logic - UAV 3 fired at target 0
16:33:57.140 [pool-1-thread-1] DEBUG sim.uav.logic - UAV 3 destroyed target 0
16:33:57.143 [pool-1-thread-1] DEBUG sim.uav.logic - UAV 3 in range of Attack target 0.  Changing state from EnRoute to Performing.
16:33:57.144 [pool-1-thread-1] DEBUG sim.uav.logic - UAV 3 fired at target 0
16:33:57.144 [pool-1-thread-1] DEBUG sim.uav.logic - UAV 3 destroyed target 0
16:33:57.258 [pool-1-thread-1] DEBUG sim.uav.logic - UAV 3 reseting to confirm target 2.
16:33:57.769 [pool-1-thread-1] DEBUG sim.uav.logic - UAV 3 began confirmation focused scanning target 2
16:33:57.897 [pool-1-thread-1] DEBUG sim.uav.logic - UAV 0 fired at target 4
16:33:57.897 [pool-1-thread-1] DEBUG sim.uav.logic - UAV 0 destroyed target 4
16:33:57.898 [pool-1-thread-1] DEBUG sim.uav.logic - UAV 1 notes that pending attack for target 4 has been completed.
16:33:57.898 [pool-1-thread-1] DEBUG sim.uav.logic - UAV 1 reseting to BDA of target 4.
16:33:57.899 [pool-1-thread-1] DEBUG sim.uav.logic - UAV 0 resetting to Attack target 3
16:33:57.900 [pool-1-thread-1] DEBUG sim.uav.logic - UAV 0 in range of Attack target 3.  Changing state from EnRoute to Performing.
16:33:57.901 [pool-1-thread-1] DEBUG sim.uav.logic - UAV 1 began BDA focused scanning target 4
16:33:57.908 [pool-1-thread-1] DEBUG sim.uav.logic - UAV 2 began BDA focused scanning target 0
16:33:58.198 [pool-1-thread-1] DEBUG sim.uav.logic - UAV 3 finished confirming target 2
16:33:58.198 [pool-1-thread-1] DEBUG sim.uav.logic - UAV 3 reseting to pending attack of target 2
16:33:58.454 [pool-1-thread-1] DEBUG sim.uav.logic - UAV 1 finished BDA scanning target 4.  It is destroyed.
16:33:58.455 [pool-1-thread-1] DEBUG sim.uav.logic - UAV 1: [N99.88, E846.44, Hdg:170.27] forced from task Monitor to Search.
16:33:58.477 [pool-1-thread-1] DEBUG sim.uav.logic - UAV 2 finished BDA scanning target 0.  It is destroyed.
16:33:58.480 [pool-1-thread-1] DEBUG sim.uav.logic - UAV 2: [N548.30, E-162.42, Hdg:291.88] forced from task Monitor to Search.
16:33:58.481 [pool-1-thread-1] DEBUG sim.uav.logic - UAV 2 resetting to Attack target 2
16:33:58.481 [pool-1-thread-1] DEBUG sim.uav.logic - UAV 2 in range of Attack target 2.  Changing state from EnRoute to Performing.
16:33:59.228 [pool-1-thread-1] DEBUG sim.uav.logic - UAV 0 fired at target 3
16:33:59.229 [pool-1-thread-1] DEBUG sim.uav.logic - UAV 4 notes that pending attack for target 3 has been completed.
16:33:59.229 [pool-1-thread-1] DEBUG sim.uav.logic - UAV 4 reseting to BDA of target 3.
16:33:59.230 [pool-1-thread-1] DEBUG sim.uav.logic - UAV 4 began BDA focused scanning target 3
16:33:59.596 [pool-1-thread-1] DEBUG sim.uav.logic - UAV 4 finished BDA scanning target 3.  It is NOT destroyed.
16:33:59.597 [pool-1-thread-1] DEBUG sim.uav.logic - UAV 4 reseting to pending attack of target 3
16:33:59.597 [pool-1-thread-1] DEBUG sim.uav.logic - UAV 0 resetting to Attack target 3
16:33:59.597 [pool-1-thread-1] DEBUG sim.uav.logic - UAV 0 in range of Attack target 3.  Changing state from EnRoute to Performing.
16:33:59.714 [pool-1-thread-1] DEBUG sim.uav.logic - UAV 2 fired at target 2
16:33:59.714 [pool-1-thread-1] DEBUG sim.uav.logic - UAV 2 destroyed target 2
16:33:59.714 [pool-1-thread-1] DEBUG sim.uav.logic - UAV 3 notes that pending attack for target 2 has been completed.
16:33:59.715 [pool-1-thread-1] DEBUG sim.uav.logic - UAV 3 reseting to BDA of target 2.
16:34:00.208 [pool-1-thread-1] DEBUG sim.uav.logic - UAV 1 reseting to confirm target 1.
16:34:00.208 [pool-1-thread-1] DEBUG sim.uav.logic - UAV 1 began confirmation focused scanning target 1
16:34:00.801 [pool-1-thread-1] DEBUG sim.uav.logic - UAV 3 began BDA focused scanning target 2
16:34:00.805 [pool-1-thread-1] DEBUG sim.uav.logic - UAV 0 fired at target 3
16:34:00.806 [pool-1-thread-1] DEBUG sim.uav.logic - UAV 0 destroyed target 3
16:34:00.807 [pool-1-thread-1] DEBUG sim.uav.logic - UAV 4 notes that pending attack for target 3 has been completed.
16:34:00.807 [pool-1-thread-1] DEBUG sim.uav.logic - UAV 4 reseting to BDA of target 3.
16:34:00.825 [pool-1-thread-1] DEBUG sim.uav.logic - UAV 1 finished confirming target 1
16:34:00.825 [pool-1-thread-1] DEBUG sim.uav.logic - UAV 1 reseting to pending attack of target 1
16:34:00.825 [pool-1-thread-1] DEBUG sim.uav.logic - UAV 2 resetting to Attack target 1
16:34:00.826 [pool-1-thread-1] DEBUG sim.uav.logic - UAV 2 in range of Attack target 1.  Changing state from EnRoute to Performing.
16:34:00.827 [pool-1-thread-1] DEBUG sim.uav.logic - UAV 0 resetting to Attack target 1
16:34:00.827 [pool-1-thread-1] DEBUG sim.uav.logic - UAV 0 in range of Attack target 1.  Changing state from EnRoute to Performing.
16:34:00.828 [pool-1-thread-1] DEBUG sim.uav.logic - UAV 0: [N43.63, E619.22, Hdg:96.30] forced from task Attack to Search.
16:34:00.931 [pool-1-thread-1] DEBUG sim.uav.logic - UAV 4 began BDA focused scanning target 3
16:34:01.351 [pool-1-thread-1] DEBUG sim.uav.logic - UAV 3 finished BDA scanning target 2.  It is destroyed.
16:34:01.356 [pool-1-thread-1] DEBUG sim.uav.logic - UAV 3: [N1527.28, E534.64, Hdg:265.79] forced from task Monitor to Search.
16:34:01.485 [pool-1-thread-1] DEBUG sim.uav.logic - UAV 4 finished BDA scanning target 3.  It is destroyed.
16:34:01.486 [pool-1-thread-1] DEBUG sim.uav.logic - UAV 4: [N147.33, E899.81, Hdg:0.58] forced from task Monitor to Search.
16:34:02.018 [pool-1-thread-1] DEBUG sim.uav.logic - UAV 2 fired at target 1
16:34:02.018 [pool-1-thread-1] DEBUG sim.uav.logic - UAV 2 destroyed target 1
16:34:02.019 [pool-1-thread-1] DEBUG sim.uav.logic - UAV 4 resetting to Attack target 1
16:34:02.019 [pool-1-thread-1] DEBUG sim.uav.logic - UAV 4 in range of Attack target 1.  Changing state from EnRoute to Performing.
16:34:02.019 [pool-1-thread-1] INFO  sim - Simulation complete.
16:34:02.019 [pool-1-thread-1] INFO  sim - --------SIM RESULTS------------
16:34:02.019 [pool-1-thread-1] INFO  sim - Time all tgts detected: 124672ms
16:34:02.019 [pool-1-thread-1] INFO  sim - Time all tgts destroyed: 156800ms
16:34:02.019 [pool-1-thread-1] INFO  sim - Time most UAVs believe all world known: 95520ms
16:34:02.019 [pool-1-thread-1] INFO  sim - Tgt 0, found: 9984ms, destroyed: 53360ms, delta: 43376ms
16:34:02.019 [pool-1-thread-1] INFO  sim - Tgt 1, found: 124672ms, destroyed: 156800ms, delta: 32128ms
16:34:02.019 [pool-1-thread-1] INFO  sim - Tgt 2, found: 56016ms, destroyed: 113680ms, delta: 57664ms
16:34:02.020 [pool-1-thread-1] INFO  sim - Tgt 3, found: 24192ms, destroyed: 134304ms, delta: 110112ms
16:34:02.020 [pool-1-thread-1] INFO  sim - Tgt 4, found: 35808ms, destroyed: 73824ms, delta: 38016ms
16:34:02.020 [pool-1-thread-1] INFO  sim - Tgt 5, found: 592ms, destroyed: 21456ms, delta: 20864ms

