16:34:21,599 |-INFO in ch.qos.logback.classic.LoggerContext[default] - Could NOT find resource [logback.groovy]
16:34:21,599 |-INFO in ch.qos.logback.classic.LoggerContext[default] - Could NOT find resource [logback-test.xml]
16:34:21,599 |-INFO in ch.qos.logback.classic.LoggerContext[default] - Found resource [logback.xml] at [file:/home/tansir/projects/thesis/thesis_gui/bin/logback.xml]
16:34:21,600 |-WARN in ch.qos.logback.classic.LoggerContext[default] - Resource [logback.xml] occurs multiple times on the classpath.
16:34:21,600 |-WARN in ch.qos.logback.classic.LoggerContext[default] - Resource [logback.xml] occurs at [file:/home/tansir/projects/thesis/thesis_core/bin/logback.xml]
16:34:21,600 |-WARN in ch.qos.logback.classic.LoggerContext[default] - Resource [logback.xml] occurs at [file:/home/tansir/projects/thesis/thesis_gui/bin/logback.xml]
16:34:21,697 |-INFO in ch.qos.logback.classic.joran.action.ConfigurationAction - debug attribute not set
16:34:21,701 |-INFO in ch.qos.logback.core.joran.action.AppenderAction - About to instantiate appender of type [ch.qos.logback.core.ConsoleAppender]
16:34:21,712 |-INFO in ch.qos.logback.core.joran.action.AppenderAction - Naming appender as [stdout]
16:34:21,742 |-INFO in ch.qos.logback.core.joran.action.NestedComplexPropertyIA - Assuming default type [ch.qos.logback.classic.encoder.PatternLayoutEncoder] for [encoder] property
16:34:21,817 |-INFO in ch.qos.logback.core.joran.action.AppenderAction - About to instantiate appender of type [ch.qos.logback.core.FileAppender]
16:34:21,819 |-INFO in ch.qos.logback.core.joran.action.AppenderAction - Naming appender as [fileout]
16:34:21,823 |-INFO in ch.qos.logback.core.joran.action.NestedComplexPropertyIA - Assuming default type [ch.qos.logback.classic.encoder.PatternLayoutEncoder] for [encoder] property
16:34:21,825 |-INFO in ch.qos.logback.core.FileAppender[fileout] - File property is set to [sim.log]
16:34:21,828 |-INFO in ch.qos.logback.classic.joran.action.RootLoggerAction - Setting level of ROOT logger to DEBUG
16:34:21,829 |-INFO in ch.qos.logback.core.joran.action.AppenderRefAction - Attaching appender named [stdout] to Logger[ROOT]
16:34:21,830 |-INFO in ch.qos.logback.core.joran.action.AppenderRefAction - Attaching appender named [fileout] to Logger[ROOT]
16:34:21,830 |-INFO in ch.qos.logback.classic.joran.action.ConfigurationAction - End of configuration.
16:34:21,831 |-INFO in ch.qos.logback.classic.joran.JoranConfigurator@5f5a92bb - Registering current configuration as safe fallback point

16:34:21.841 [main] INFO  main - Starting simulation GUI version 0.0.3
16:34:21.858 [main] DEBUG main - Loading simulation configuration from sim.properties.
16:34:22.181 [main] INFO  utils - Loading 2 sensor types.
16:34:22.186 [main] INFO  utils - Loading 2 target types.
16:34:22.190 [main] INFO  utils - Loading 2 weapon types.
16:34:22.194 [main] INFO  utils - Loading 2 UAV types.
16:34:22.216 [main] INFO  utils - Loaded sensor probabilities.
16:34:22.227 [main] INFO  utils - Copying 3 havens from database.
16:34:22.246 [main] DEBUG main - Sim model initialized with:
Random seed: 42
World: /home/tansir/projects/thesis/thesis_gui/../worlds/world09
Entity Types: /home/tansir/projects/thesis/thesis_gui/../config
CommsRng: 0.20
BeliefDecayRate: 0.00
MinWorldClearUncert: 0.30
16:34:22.254 [main] DEBUG sim - EntityTypes initialized with:
thesis.core.EntityTypeCfgs@2173f6d9
16:34:22.255 [main] DEBUG sim - World model intiliazed with:
thesis.core.serialization.world.WorldConfig@307f6b8c
16:34:22.256 [main] DEBUG sim - Resetting Target Manager.
16:34:22.260 [main] DEBUG sim - Resetting UAV Manager.
16:34:24.596 [AWT-EventQueue-0] INFO  main - Resuming simulation.
16:34:24.596 [AWT-EventQueue-0] INFO  main - Free running simulation at CPU speed
16:34:24.597 [AWT-EventQueue-0] INFO  main - Simulation unpaused.  Running with 250ms inter-frame delay.
16:34:25.324 [AWT-EventQueue-0] INFO  main - Free running simulation at CPU speed
16:34:25.324 [AWT-EventQueue-0] INFO  main - Inter-frame delay changed from 250ms to 0ms.
16:34:25.605 [pool-1-thread-1] DEBUG sim.uav.logic - UAV 1 reseting to confirm target 4.
16:34:25.606 [pool-1-thread-1] DEBUG sim.uav.logic - UAV 4 reseting to confirm target 4.
16:34:25.657 [pool-1-thread-1] DEBUG sim.uav.logic - UAV 4: [N402.46, E1102.15, Hdg:350.17] forced from task Monitor to Search.
16:34:25.734 [pool-1-thread-1] DEBUG sim.uav.logic - UAV 1 began confirmation focused scanning target 4
16:34:25.835 [pool-1-thread-1] DEBUG sim.uav.logic - UAV 4 reseting to confirm target 5.
16:34:25.836 [pool-1-thread-1] DEBUG sim.uav.logic - UAV 4 began confirmation focused scanning target 5
16:34:26.018 [pool-1-thread-1] DEBUG sim.uav.logic - UAV 1 finished confirming target 4
16:34:26.019 [pool-1-thread-1] DEBUG sim.uav.logic - UAV 1 reseting to pending attack of target 4
16:34:26.019 [pool-1-thread-1] DEBUG sim.uav.logic - UAV 2 resetting to Attack target 4
16:34:26.020 [pool-1-thread-1] DEBUG sim.uav.logic - UAV 2 in range of Attack target 4.  Changing state from EnRoute to Performing.
16:34:26.028 [pool-1-thread-1] DEBUG sim.uav.logic - UAV 0 resetting to Attack target 4
16:34:26.029 [pool-1-thread-1] DEBUG sim.uav.logic - UAV 0 in range of Attack target 4.  Changing state from EnRoute to Performing.
16:34:26.050 [pool-1-thread-1] DEBUG sim.uav.logic - UAV 2: [N387.12, E177.06, Hdg:294.03] forced from task Attack to Search.
16:34:26.051 [pool-1-thread-1] DEBUG sim.uav.logic - UAV 2 reseting to confirm target 1.
16:34:26.149 [pool-1-thread-1] DEBUG sim.uav.logic - UAV 4 finished confirming target 5
16:34:26.149 [pool-1-thread-1] DEBUG sim.uav.logic - UAV 4 reseting to pending attack of target 5
16:34:26.312 [pool-1-thread-1] DEBUG sim.uav.logic - UAV 3 resetting to Attack target 5
16:34:26.313 [pool-1-thread-1] DEBUG sim.uav.logic - UAV 3 in range of Attack target 5.  Changing state from EnRoute to Performing.
16:34:26.316 [pool-1-thread-1] DEBUG sim.uav.logic - UAV 2 began confirmation focused scanning target 1
16:34:26.635 [pool-1-thread-1] DEBUG sim.uav.logic - UAV 2 finished confirming target 1
16:34:26.636 [pool-1-thread-1] DEBUG sim.uav.logic - UAV 2 reseting to pending attack of target 1
16:34:27.357 [pool-1-thread-1] DEBUG sim.uav.logic - UAV 0 fired at target 4
16:34:27.358 [pool-1-thread-1] DEBUG sim.uav.logic - UAV 0 destroyed target 4
16:34:27.359 [pool-1-thread-1] DEBUG sim.uav.logic - UAV 1 notes that pending attack for target 4 has been completed.
16:34:27.359 [pool-1-thread-1] DEBUG sim.uav.logic - UAV 1 reseting to BDA of target 4.
16:34:27.360 [pool-1-thread-1] DEBUG sim.uav.logic - UAV 0 resetting to Attack target 1
16:34:27.360 [pool-1-thread-1] DEBUG sim.uav.logic - UAV 0 in range of Attack target 1.  Changing state from EnRoute to Performing.
16:34:27.381 [pool-1-thread-1] DEBUG sim.uav.logic - UAV 1 began BDA focused scanning target 4
16:34:27.415 [pool-1-thread-1] DEBUG sim.uav.logic - UAV 3 fired at target 5
16:34:27.416 [pool-1-thread-1] DEBUG sim.uav.logic - UAV 4 notes that pending attack for target 5 has been completed.
16:34:27.419 [pool-1-thread-1] DEBUG sim.uav.logic - UAV 4 reseting to BDA of target 5.
16:34:27.436 [pool-1-thread-1] DEBUG sim.uav.logic - UAV 3 reseting to confirm target 2.
16:34:27.440 [pool-1-thread-1] DEBUG sim.uav.logic - UAV 3 began confirmation focused scanning target 2
16:34:27.440 [pool-1-thread-1] DEBUG sim.uav.logic - UAV 4 began BDA focused scanning target 5
16:34:27.718 [pool-1-thread-1] DEBUG sim.uav.logic - UAV 1 finished BDA scanning target 4.  It is destroyed.
16:34:27.720 [pool-1-thread-1] DEBUG sim.uav.logic - UAV 1: [N572.18, E1254.04, Hdg:327.48] forced from task Monitor to Search.
16:34:27.735 [pool-1-thread-1] DEBUG sim.uav.logic - UAV 3 finished confirming target 2
16:34:27.735 [pool-1-thread-1] DEBUG sim.uav.logic - UAV 3 reseting to pending attack of target 2
16:34:27.735 [pool-1-thread-1] DEBUG sim.uav.logic - UAV 4 finished BDA scanning target 5.  It is NOT destroyed.
16:34:27.735 [pool-1-thread-1] DEBUG sim.uav.logic - UAV 4 reseting to pending attack of target 5
16:34:27.736 [pool-1-thread-1] DEBUG sim.uav.logic - UAV 1 resetting to Attack target 2
16:34:27.736 [pool-1-thread-1] DEBUG sim.uav.logic - UAV 1 in range of Attack target 2.  Changing state from EnRoute to Performing.
16:34:27.788 [pool-1-thread-1] DEBUG sim.uav.logic - UAV 1 fired at target 2
16:34:27.789 [pool-1-thread-1] DEBUG sim.uav.logic - UAV 1 destroyed target 2
16:34:27.790 [pool-1-thread-1] DEBUG sim.uav.logic - UAV 3 notes that pending attack for target 2 has been completed.
16:34:27.790 [pool-1-thread-1] DEBUG sim.uav.logic - UAV 3 reseting to BDA of target 2.
16:34:27.790 [pool-1-thread-1] DEBUG sim.uav.logic - UAV 1 resetting to Attack target 5
16:34:27.790 [pool-1-thread-1] DEBUG sim.uav.logic - UAV 1 in range of Attack target 5.  Changing state from EnRoute to Performing.
16:34:27.992 [pool-1-thread-1] DEBUG sim.uav.logic - UAV 1 fired at target 5
16:34:27.992 [pool-1-thread-1] DEBUG sim.uav.logic - UAV 1 destroyed target 5
16:34:27.992 [pool-1-thread-1] DEBUG sim.uav.logic - UAV 4 notes that pending attack for target 5 has been completed.
16:34:27.993 [pool-1-thread-1] DEBUG sim.uav.logic - UAV 4 reseting to BDA of target 5.
16:34:27.993 [pool-1-thread-1] DEBUG sim.uav.logic - UAV 4 began BDA focused scanning target 5
16:34:28.126 [pool-1-thread-1] DEBUG sim.uav.logic - UAV 0 fired at target 1
16:34:28.127 [pool-1-thread-1] DEBUG sim.uav.logic - UAV 0 destroyed target 1
16:34:28.127 [pool-1-thread-1] DEBUG sim.uav.logic - UAV 2 notes that pending attack for target 1 has been completed.
16:34:28.128 [pool-1-thread-1] DEBUG sim.uav.logic - UAV 2 reseting to BDA of target 1.
16:34:28.129 [pool-1-thread-1] DEBUG sim.uav.logic - UAV 2 began BDA focused scanning target 1
16:34:28.288 [pool-1-thread-1] DEBUG sim.uav.logic - UAV 4 finished BDA scanning target 5.  It is destroyed.
16:34:28.289 [pool-1-thread-1] DEBUG sim.uav.logic - UAV 4: [N1181.30, E1401.94, Hdg:146.45] forced from task Monitor to Search.
16:34:28.424 [pool-1-thread-1] DEBUG sim.uav.logic - UAV 2 finished BDA scanning target 1.  It is destroyed.
16:34:28.426 [pool-1-thread-1] DEBUG sim.uav.logic - UAV 2: [N1146.25, E1344.06, Hdg:248.20] forced from task Monitor to Search.
16:34:28.596 [pool-1-thread-1] DEBUG sim.uav.logic - UAV 3 began BDA focused scanning target 2
16:34:29.118 [pool-1-thread-1] DEBUG sim.uav.logic - UAV 3 finished BDA scanning target 2.  It is destroyed.
16:34:29.119 [pool-1-thread-1] DEBUG sim.uav.logic - UAV 3: [N591.96, E2034.90, Hdg:107.22] forced from task Monitor to Search.
16:34:34.487 [pool-1-thread-1] DEBUG sim.uav.logic - UAV 0 reseting to confirm target 0.
16:34:34.488 [pool-1-thread-1] DEBUG sim.uav.logic - UAV 1 reseting to confirm target 0.
16:34:34.489 [pool-1-thread-1] DEBUG sim.uav.logic - UAV 1 began confirmation focused scanning target 0
16:34:34.714 [pool-1-thread-1] DEBUG sim.uav.logic - UAV 2 reseting to confirm target 3.
16:34:34.714 [pool-1-thread-1] DEBUG sim.uav.logic - UAV 2 began confirmation focused scanning target 3
16:34:34.715 [pool-1-thread-1] DEBUG sim.uav.logic - UAV 3 reseting to confirm target 3.
16:34:34.715 [pool-1-thread-1] DEBUG sim.uav.logic - UAV 4 reseting to confirm target 3.
16:34:34.715 [pool-1-thread-1] DEBUG sim.uav.logic - UAV 4 began confirmation focused scanning target 3
16:34:34.716 [pool-1-thread-1] DEBUG sim.uav.logic - UAV 3: [N105.92, E1642.80, Hdg:124.22] forced from task Monitor to Search.
16:34:34.717 [pool-1-thread-1] DEBUG sim.uav.logic - UAV 4: [N166.45, E230.07, Hdg:327.27] forced from task Monitor to Search.
16:34:34.758 [pool-1-thread-1] DEBUG sim.uav.logic - UAV 0 began confirmation focused scanning target 0
16:34:35.088 [pool-1-thread-1] DEBUG sim.uav.logic - UAV 1: [N202.19, E649.62, Hdg:184.59] forced from task Monitor to Search.
16:34:35.681 [pool-1-thread-1] DEBUG sim.uav.logic - UAV 2 finished confirming target 3
16:34:35.682 [pool-1-thread-1] DEBUG sim.uav.logic - UAV 2 reseting to pending attack of target 3
16:34:35.684 [pool-1-thread-1] DEBUG sim.uav.logic - UAV 3 resetting to Attack target 3
16:34:35.685 [pool-1-thread-1] DEBUG sim.uav.logic - UAV 3 in range of Attack target 3.  Changing state from EnRoute to Performing.
16:34:35.724 [pool-1-thread-1] DEBUG sim.uav.logic - UAV 0 finished confirming target 0
16:34:35.725 [pool-1-thread-1] DEBUG sim.uav.logic - UAV 0 reseting to pending attack of target 0
16:34:35.725 [pool-1-thread-1] DEBUG sim.uav.logic - UAV 1 resetting to Attack target 0
16:34:35.725 [pool-1-thread-1] DEBUG sim.uav.logic - UAV 1 in range of Attack target 0.  Changing state from EnRoute to Performing.
16:34:36.138 [pool-1-thread-1] DEBUG sim.uav.logic - UAV 1 fired at target 0
16:34:36.140 [pool-1-thread-1] DEBUG sim.uav.logic - UAV 4 resetting to Attack target 0
16:34:36.140 [pool-1-thread-1] DEBUG sim.uav.logic - UAV 4 in range of Attack target 0.  Changing state from EnRoute to Performing.
16:34:36.141 [pool-1-thread-1] DEBUG sim.uav.logic - UAV 1 in range of Attack target 0.  Changing state from EnRoute to Performing.
16:34:36.141 [pool-1-thread-1] DEBUG sim.uav.logic - UAV 1 fired at target 0
16:34:36.141 [pool-1-thread-1] DEBUG sim.uav.logic - UAV 1 destroyed target 0
16:34:36.142 [pool-1-thread-1] DEBUG sim.uav.logic - UAV 4 in range of Attack target 0.  Changing state from EnRoute to Performing.
16:34:36.142 [pool-1-thread-1] DEBUG sim.uav.logic - UAV 0 notes that pending attack for target 0 has been completed.
16:34:36.143 [pool-1-thread-1] DEBUG sim.uav.logic - UAV 0 reseting to BDA of target 0.
16:34:37.453 [pool-1-thread-1] DEBUG sim.uav.logic - UAV 4 fired at target 0
16:34:37.454 [pool-1-thread-1] DEBUG sim.uav.logic - UAV 4 destroyed target 0
16:34:37.456 [pool-1-thread-1] DEBUG sim.uav.logic - UAV 4 in range of Attack target 0.  Changing state from EnRoute to Performing.
16:34:37.457 [pool-1-thread-1] DEBUG sim.uav.logic - UAV 4 fired at target 0
16:34:37.457 [pool-1-thread-1] DEBUG sim.uav.logic - UAV 4 destroyed target 0
16:34:37.459 [pool-1-thread-1] DEBUG sim.uav.logic - UAV 4 in range of Attack target 0.  Changing state from EnRoute to Performing.
16:34:37.666 [pool-1-thread-1] DEBUG sim.uav.logic - UAV 4 fired at target 0
16:34:37.666 [pool-1-thread-1] DEBUG sim.uav.logic - UAV 4 destroyed target 0
16:34:37.668 [pool-1-thread-1] DEBUG sim.uav.logic - UAV 4 in range of Attack target 0.  Changing state from EnRoute to Performing.
16:34:37.668 [pool-1-thread-1] DEBUG sim.uav.logic - UAV 4 fired at target 0
16:34:38.244 [pool-1-thread-1] DEBUG sim.uav.logic - UAV 0 began BDA focused scanning target 0
16:34:39.104 [pool-1-thread-1] DEBUG sim.uav.logic - UAV 3 fired at target 3
16:34:39.104 [pool-1-thread-1] DEBUG sim.uav.logic - UAV 3 destroyed target 3
16:34:39.105 [pool-1-thread-1] INFO  sim - Simulation complete.
16:34:39.105 [pool-1-thread-1] INFO  sim - --------SIM RESULTS------------
16:34:39.105 [pool-1-thread-1] INFO  sim - Time all tgts detected: 171824ms
16:34:39.105 [pool-1-thread-1] INFO  sim - Time all tgts destroyed: 215376ms
16:34:39.106 [pool-1-thread-1] INFO  sim - Time most UAVs believe all world known: 43520ms
16:34:39.106 [pool-1-thread-1] INFO  sim - Tgt 0, found: 168992ms, destroyed: 200608ms, delta: 31616ms
16:34:39.106 [pool-1-thread-1] INFO  sim - Tgt 1, found: 14064ms, destroyed: 71440ms, delta: 57376ms
16:34:39.106 [pool-1-thread-1] INFO  sim - Tgt 2, found: 17440ms, destroyed: 61872ms, delta: 44432ms
16:34:39.106 [pool-1-thread-1] INFO  sim - Tgt 3, found: 171824ms, destroyed: 215376ms, delta: 43552ms
16:34:39.106 [pool-1-thread-1] INFO  sim - Tgt 4, found: 1648ms, destroyed: 49264ms, delta: 47616ms
16:34:39.106 [pool-1-thread-1] INFO  sim - Tgt 5, found: 7424ms, destroyed: 66752ms, delta: 59328ms

