16:27:09,862 |-INFO in ch.qos.logback.classic.LoggerContext[default] - Could NOT find resource [logback.groovy]
16:27:09,862 |-INFO in ch.qos.logback.classic.LoggerContext[default] - Could NOT find resource [logback-test.xml]
16:27:09,863 |-INFO in ch.qos.logback.classic.LoggerContext[default] - Found resource [logback.xml] at [file:/home/tansir/projects/thesis/thesis_gui/bin/logback.xml]
16:27:09,863 |-WARN in ch.qos.logback.classic.LoggerContext[default] - Resource [logback.xml] occurs multiple times on the classpath.
16:27:09,863 |-WARN in ch.qos.logback.classic.LoggerContext[default] - Resource [logback.xml] occurs at [file:/home/tansir/projects/thesis/thesis_core/bin/logback.xml]
16:27:09,863 |-WARN in ch.qos.logback.classic.LoggerContext[default] - Resource [logback.xml] occurs at [file:/home/tansir/projects/thesis/thesis_gui/bin/logback.xml]
16:27:09,948 |-INFO in ch.qos.logback.classic.joran.action.ConfigurationAction - debug attribute not set
16:27:09,954 |-INFO in ch.qos.logback.core.joran.action.AppenderAction - About to instantiate appender of type [ch.qos.logback.core.ConsoleAppender]
16:27:09,963 |-INFO in ch.qos.logback.core.joran.action.AppenderAction - Naming appender as [stdout]
16:27:09,993 |-INFO in ch.qos.logback.core.joran.action.NestedComplexPropertyIA - Assuming default type [ch.qos.logback.classic.encoder.PatternLayoutEncoder] for [encoder] property
16:27:10,074 |-INFO in ch.qos.logback.core.joran.action.AppenderAction - About to instantiate appender of type [ch.qos.logback.core.FileAppender]
16:27:10,075 |-INFO in ch.qos.logback.core.joran.action.AppenderAction - Naming appender as [fileout]
16:27:10,078 |-INFO in ch.qos.logback.core.joran.action.NestedComplexPropertyIA - Assuming default type [ch.qos.logback.classic.encoder.PatternLayoutEncoder] for [encoder] property
16:27:10,080 |-INFO in ch.qos.logback.core.FileAppender[fileout] - File property is set to [sim.log]
16:27:10,082 |-INFO in ch.qos.logback.classic.joran.action.RootLoggerAction - Setting level of ROOT logger to DEBUG
16:27:10,082 |-INFO in ch.qos.logback.core.joran.action.AppenderRefAction - Attaching appender named [stdout] to Logger[ROOT]
16:27:10,083 |-INFO in ch.qos.logback.core.joran.action.AppenderRefAction - Attaching appender named [fileout] to Logger[ROOT]
16:27:10,083 |-INFO in ch.qos.logback.classic.joran.action.ConfigurationAction - End of configuration.
16:27:10,086 |-INFO in ch.qos.logback.classic.joran.JoranConfigurator@5f5a92bb - Registering current configuration as safe fallback point

16:27:10.095 [main] INFO  main - Starting simulation GUI version 0.0.3
16:27:10.110 [main] DEBUG main - Loading simulation configuration from sim.properties.
16:27:10.393 [main] INFO  utils - Loading 2 sensor types.
16:27:10.400 [main] INFO  utils - Loading 2 target types.
16:27:10.406 [main] INFO  utils - Loading 2 weapon types.
16:27:10.412 [main] INFO  utils - Loading 2 UAV types.
16:27:10.436 [main] INFO  utils - Loaded sensor probabilities.
16:27:10.447 [main] INFO  utils - Copying 3 havens from database.
16:27:10.469 [main] DEBUG main - Sim model initialized with:
Random seed: 42
World: /home/tansir/projects/thesis/thesis_gui/../worlds/world00
Entity Types: /home/tansir/projects/thesis/thesis_gui/../config
CommsRng: 0.20
BeliefDecayRate: 0.00
MinWorldClearUncert: 0.30
16:27:10.480 [main] DEBUG sim - EntityTypes initialized with:
thesis.core.EntityTypeCfgs@536aaa8d
16:27:10.480 [main] DEBUG sim - World model intiliazed with:
thesis.core.serialization.world.WorldConfig@e320068
16:27:10.481 [main] DEBUG sim - Resetting Target Manager.
16:27:10.484 [main] DEBUG sim - Resetting UAV Manager.
16:27:19.091 [AWT-EventQueue-0] INFO  main - Resuming simulation.
16:27:19.092 [AWT-EventQueue-0] INFO  main - Free running simulation at CPU speed
16:27:19.092 [AWT-EventQueue-0] INFO  main - Simulation unpaused.  Running with 250ms inter-frame delay.
16:27:21.537 [pool-1-thread-1] DEBUG sim.uav.logic - UAV 0 reseting to confirm target 1.
16:27:28.847 [pool-1-thread-1] DEBUG sim.uav.logic - UAV 0 began confirmation focused scanning target 1
16:27:30.619 [AWT-EventQueue-0] INFO  main - Free running simulation at CPU speed
16:27:30.620 [AWT-EventQueue-0] INFO  main - Inter-frame delay changed from 250ms to 0ms.
16:27:30.985 [pool-1-thread-1] DEBUG sim.uav.logic - UAV 2 reseting to confirm target 3.
16:27:30.986 [pool-1-thread-1] DEBUG sim.uav.logic - UAV 2 began confirmation focused scanning target 3
16:27:31.183 [pool-1-thread-1] DEBUG sim.uav.logic - UAV 0 finished confirming target 1
16:27:31.184 [pool-1-thread-1] DEBUG sim.uav.logic - UAV 0 reseting to pending attack of target 1
16:27:31.185 [pool-1-thread-1] DEBUG sim.uav.logic - UAV 3 resetting to Attack target 1
16:27:31.186 [pool-1-thread-1] DEBUG sim.uav.logic - UAV 3 in range of Attack target 1.  Changing state from EnRoute to Performing.
16:27:31.348 [pool-1-thread-1] DEBUG sim.uav.logic - UAV 2 finished confirming target 3
16:27:31.349 [pool-1-thread-1] DEBUG sim.uav.logic - UAV 2 reseting to pending attack of target 3
16:27:31.349 [pool-1-thread-1] DEBUG sim.uav.logic - UAV 4 resetting to Attack target 3
16:27:31.350 [pool-1-thread-1] DEBUG sim.uav.logic - UAV 4 in range of Attack target 3.  Changing state from EnRoute to Performing.
16:27:31.416 [pool-1-thread-1] DEBUG sim.uav.logic - UAV 1 reseting to confirm target 5.
16:27:31.450 [pool-1-thread-1] DEBUG sim.uav.logic - UAV 1 began confirmation focused scanning target 5
16:27:31.547 [pool-1-thread-1] DEBUG sim.uav.logic - UAV 4 fired at target 3
16:27:31.551 [pool-1-thread-1] DEBUG sim.uav.logic - UAV 4 in range of Attack target 3.  Changing state from EnRoute to Performing.
16:27:31.551 [pool-1-thread-1] DEBUG sim.uav.logic - UAV 4 fired at target 3
16:27:31.551 [pool-1-thread-1] DEBUG sim.uav.logic - UAV 4 destroyed target 3
16:27:31.552 [pool-1-thread-1] DEBUG sim.uav.logic - UAV 2 notes that pending attack for target 3 has been completed.
16:27:31.553 [pool-1-thread-1] DEBUG sim.uav.logic - UAV 2 reseting to BDA of target 3.
16:27:31.554 [pool-1-thread-1] DEBUG sim.uav.logic - UAV 4 in range of Attack target 3.  Changing state from EnRoute to Performing.
16:27:31.554 [pool-1-thread-1] DEBUG sim.uav.logic - UAV 4 fired at target 3
16:27:31.555 [pool-1-thread-1] DEBUG sim.uav.logic - UAV 4 destroyed target 3
16:27:31.557 [pool-1-thread-1] DEBUG sim.uav.logic - UAV 4 in range of Attack target 3.  Changing state from EnRoute to Performing.
16:27:31.558 [pool-1-thread-1] DEBUG sim.uav.logic - UAV 4 fired at target 3
16:27:31.560 [pool-1-thread-1] DEBUG sim.uav.logic - UAV 4 destroyed target 3
16:27:31.562 [pool-1-thread-1] DEBUG sim.uav.logic - UAV 4 in range of Attack target 3.  Changing state from EnRoute to Performing.
16:27:31.931 [pool-1-thread-1] DEBUG sim.uav.logic - UAV 4 fired at target 3
16:27:31.933 [pool-1-thread-1] DEBUG sim.uav.logic - UAV 4 in range of Attack target 3.  Changing state from EnRoute to Performing.
16:27:31.933 [pool-1-thread-1] DEBUG sim.uav.logic - UAV 4 fired at target 3
16:27:31.934 [pool-1-thread-1] DEBUG sim.uav.logic - UAV 4 destroyed target 3
16:27:31.935 [pool-1-thread-1] DEBUG sim.uav.logic - UAV 4 in range of Attack target 3.  Changing state from EnRoute to Performing.
16:27:31.936 [pool-1-thread-1] DEBUG sim.uav.logic - UAV 4 fired at target 3
16:27:31.936 [pool-1-thread-1] DEBUG sim.uav.logic - UAV 4 destroyed target 3
16:27:31.937 [pool-1-thread-1] DEBUG sim.uav.logic - UAV 4 in range of Attack target 3.  Changing state from EnRoute to Performing.
16:27:31.938 [pool-1-thread-1] DEBUG sim.uav.logic - UAV 4 fired at target 3
16:27:31.938 [pool-1-thread-1] DEBUG sim.uav.logic - UAV 4 destroyed target 3
16:27:31.940 [pool-1-thread-1] DEBUG sim.uav.logic - UAV 4 reseting to confirm target 2.
16:27:32.142 [pool-1-thread-1] DEBUG sim.uav.logic - UAV 1 finished confirming target 5
16:27:32.142 [pool-1-thread-1] DEBUG sim.uav.logic - UAV 1 reseting to pending attack of target 5
16:27:32.532 [pool-1-thread-1] DEBUG sim.uav.logic - UAV 3 fired at target 1
16:27:32.533 [pool-1-thread-1] DEBUG sim.uav.logic - UAV 3 destroyed target 1
16:27:32.547 [pool-1-thread-1] DEBUG sim.uav.logic - UAV 0 notes that pending attack for target 1 has been completed.
16:27:32.547 [pool-1-thread-1] DEBUG sim.uav.logic - UAV 0 reseting to BDA of target 1.
16:27:32.548 [pool-1-thread-1] DEBUG sim.uav.logic - UAV 3 in range of Attack target 1.  Changing state from EnRoute to Performing.
16:27:32.548 [pool-1-thread-1] DEBUG sim.uav.logic - UAV 3 fired at target 1
16:27:32.549 [pool-1-thread-1] DEBUG sim.uav.logic - UAV 3 destroyed target 1
16:27:32.550 [pool-1-thread-1] DEBUG sim.uav.logic - UAV 0 began BDA focused scanning target 1
16:27:32.550 [pool-1-thread-1] DEBUG sim.uav.logic - UAV 3 in range of Attack target 1.  Changing state from EnRoute to Performing.
16:27:32.551 [pool-1-thread-1] DEBUG sim.uav.logic - UAV 3 fired at target 1
16:27:32.551 [pool-1-thread-1] DEBUG sim.uav.logic - UAV 3 destroyed target 1
16:27:32.552 [pool-1-thread-1] DEBUG sim.uav.logic - UAV 3 in range of Attack target 1.  Changing state from EnRoute to Performing.
16:27:32.552 [pool-1-thread-1] DEBUG sim.uav.logic - UAV 3 fired at target 1
16:27:32.553 [pool-1-thread-1] DEBUG sim.uav.logic - UAV 3 in range of Attack target 1.  Changing state from EnRoute to Performing.
16:27:32.667 [pool-1-thread-1] DEBUG sim.uav.logic - UAV 2 began BDA focused scanning target 3
16:27:32.789 [pool-1-thread-1] DEBUG sim.uav.logic - UAV 3 fired at target 1
16:27:32.790 [pool-1-thread-1] DEBUG sim.uav.logic - UAV 3 in range of Attack target 1.  Changing state from EnRoute to Performing.
16:27:32.790 [pool-1-thread-1] DEBUG sim.uav.logic - UAV 3 fired at target 1
16:27:32.791 [pool-1-thread-1] DEBUG sim.uav.logic - UAV 3 destroyed target 1
16:27:32.791 [pool-1-thread-1] DEBUG sim.uav.logic - UAV 3 in range of Attack target 1.  Changing state from EnRoute to Performing.
16:27:32.792 [pool-1-thread-1] DEBUG sim.uav.logic - UAV 3 fired at target 1
16:27:32.793 [pool-1-thread-1] DEBUG sim.uav.logic - UAV 3 in range of Attack target 1.  Changing state from EnRoute to Performing.
16:27:32.793 [pool-1-thread-1] DEBUG sim.uav.logic - UAV 3 fired at target 1
16:27:32.793 [pool-1-thread-1] DEBUG sim.uav.logic - UAV 3 destroyed target 1
16:27:32.795 [pool-1-thread-1] DEBUG sim.uav.logic - UAV 3 reseting to confirm target 4.
16:27:32.868 [pool-1-thread-1] DEBUG sim.uav.logic - UAV 4 began confirmation focused scanning target 2
16:27:32.892 [pool-1-thread-1] DEBUG sim.uav.logic - UAV 3 began confirmation focused scanning target 4
16:27:33.020 [pool-1-thread-1] DEBUG sim.uav.logic - UAV 0 finished BDA scanning target 1.  It is destroyed.
16:27:33.028 [pool-1-thread-1] DEBUG sim.uav.logic - UAV 0: [N1176.42, E696.12, Hdg:160.73] forced from task Monitor to Search.
16:27:33.029 [pool-1-thread-1] DEBUG sim.uav.logic - UAV 0 resetting to Attack target 5
16:27:33.029 [pool-1-thread-1] DEBUG sim.uav.logic - UAV 0 in range of Attack target 5.  Changing state from EnRoute to Performing.
16:27:33.193 [pool-1-thread-1] DEBUG sim.uav.logic - UAV 2 finished BDA scanning target 3.  It is destroyed.
16:27:33.194 [pool-1-thread-1] DEBUG sim.uav.logic - UAV 2: [N197.82, E796.55, Hdg:12.93] forced from task Monitor to Search.
16:27:33.447 [pool-1-thread-1] DEBUG sim.uav.logic - UAV 4 finished confirming target 2
16:27:33.447 [pool-1-thread-1] DEBUG sim.uav.logic - UAV 4 reseting to pending attack of target 2
16:27:33.448 [pool-1-thread-1] DEBUG sim.uav.logic - UAV 2 resetting to Attack target 2
16:27:33.448 [pool-1-thread-1] DEBUG sim.uav.logic - UAV 2 in range of Attack target 2.  Changing state from EnRoute to Performing.
16:27:33.481 [pool-1-thread-1] DEBUG sim.uav.logic - UAV 3 finished confirming target 4
16:27:33.481 [pool-1-thread-1] DEBUG sim.uav.logic - UAV 3 reseting to pending attack of target 4
16:27:33.966 [pool-1-thread-1] DEBUG sim.uav.logic - UAV 2 fired at target 2
16:27:33.966 [pool-1-thread-1] DEBUG sim.uav.logic - UAV 2 destroyed target 2
16:27:33.967 [pool-1-thread-1] DEBUG sim.uav.logic - UAV 4 notes that pending attack for target 2 has been completed.
16:27:33.967 [pool-1-thread-1] DEBUG sim.uav.logic - UAV 4 reseting to BDA of target 2.
16:27:33.967 [pool-1-thread-1] DEBUG sim.uav.logic - UAV 2 resetting to Attack target 4
16:27:33.968 [pool-1-thread-1] DEBUG sim.uav.logic - UAV 2 in range of Attack target 4.  Changing state from EnRoute to Performing.
16:27:34.670 [pool-1-thread-1] DEBUG sim.uav.logic - UAV 4 began BDA focused scanning target 2
16:27:35.007 [pool-1-thread-1] DEBUG sim.uav.logic - UAV 0 fired at target 5
16:27:35.009 [pool-1-thread-1] DEBUG sim.uav.logic - UAV 0 destroyed target 5
16:27:35.010 [pool-1-thread-1] DEBUG sim.uav.logic - UAV 1 notes that pending attack for target 5 has been completed.
16:27:35.011 [pool-1-thread-1] DEBUG sim.uav.logic - UAV 1 reseting to BDA of target 5.
16:27:35.013 [pool-1-thread-1] DEBUG sim.uav.logic - UAV 1 began BDA focused scanning target 5
16:27:35.014 [pool-1-thread-1] DEBUG sim.uav.logic - UAV 0 resetting to Attack target 5
16:27:35.014 [pool-1-thread-1] DEBUG sim.uav.logic - UAV 0 in range of Attack target 5.  Changing state from EnRoute to Performing.
16:27:35.290 [pool-1-thread-1] DEBUG sim.uav.logic - UAV 4 finished BDA scanning target 2.  It is destroyed.
16:27:35.291 [pool-1-thread-1] DEBUG sim.uav.logic - UAV 4: [N849.89, E2113.01, Hdg:9.23] forced from task Monitor to Search.
16:27:35.695 [pool-1-thread-1] DEBUG sim.uav.logic - UAV 1 finished BDA scanning target 5.  It is destroyed.
16:27:35.700 [pool-1-thread-1] DEBUG sim.uav.logic - UAV 1: [N898.48, E962.18, Hdg:39.27] forced from task Monitor to Search.
16:27:35.777 [pool-1-thread-1] DEBUG sim.uav.logic - UAV 2 fired at target 4
16:27:35.778 [pool-1-thread-1] DEBUG sim.uav.logic - UAV 2 destroyed target 4
16:27:35.778 [pool-1-thread-1] DEBUG sim.uav.logic - UAV 3 notes that pending attack for target 4 has been completed.
16:27:35.779 [pool-1-thread-1] DEBUG sim.uav.logic - UAV 3 reseting to BDA of target 4.
16:27:35.781 [pool-1-thread-1] DEBUG sim.uav.logic - UAV 3 began BDA focused scanning target 4
16:27:36.073 [pool-1-thread-1] DEBUG sim.uav.logic - UAV 1 reseting to confirm target 0.
16:27:36.167 [pool-1-thread-1] DEBUG sim.uav.logic - UAV 0 fired at target 5
16:27:36.264 [pool-1-thread-1] DEBUG sim.uav.logic - UAV 1 began confirmation focused scanning target 0
16:27:36.454 [pool-1-thread-1] DEBUG sim.uav.logic - UAV 3 finished BDA scanning target 4.  It is destroyed.
16:27:36.456 [pool-1-thread-1] DEBUG sim.uav.logic - UAV 3: [N139.38, E900.56, Hdg:177.89] forced from task Monitor to Search.
16:27:36.799 [pool-1-thread-1] DEBUG sim.uav.logic - UAV 1 finished confirming target 0
16:27:36.800 [pool-1-thread-1] DEBUG sim.uav.logic - UAV 1 reseting to pending attack of target 0
16:27:36.803 [pool-1-thread-1] DEBUG sim.uav.logic - UAV 2 resetting to Attack target 0
16:27:36.804 [pool-1-thread-1] DEBUG sim.uav.logic - UAV 2 in range of Attack target 0.  Changing state from EnRoute to Performing.
16:27:37.817 [pool-1-thread-1] DEBUG sim.uav.logic - UAV 2 fired at target 0
16:27:37.817 [pool-1-thread-1] DEBUG sim.uav.logic - UAV 2 destroyed target 0
16:27:37.818 [pool-1-thread-1] INFO  sim - Simulation complete.
16:27:37.818 [pool-1-thread-1] INFO  sim - --------SIM RESULTS------------
16:27:37.818 [pool-1-thread-1] INFO  sim - Time all tgts detected: 98704ms
16:27:37.818 [pool-1-thread-1] INFO  sim - Time all tgts destroyed: 131216ms
16:27:37.818 [pool-1-thread-1] INFO  sim - Time most UAVs believe all world known: 97232ms
16:27:37.818 [pool-1-thread-1] INFO  sim - Tgt 0, found: 98704ms, destroyed: 131216ms, delta: 32512ms
16:27:37.818 [pool-1-thread-1] INFO  sim - Tgt 1, found: 160ms, destroyed: 42784ms, delta: 42624ms
16:27:37.818 [pool-1-thread-1] INFO  sim - Tgt 2, found: 25696ms, destroyed: 65088ms, delta: 39392ms
16:27:37.819 [pool-1-thread-1] INFO  sim - Tgt 3, found: 5600ms, destroyed: 26560ms, delta: 20960ms
16:27:37.819 [pool-1-thread-1] INFO  sim - Tgt 4, found: 28768ms, destroyed: 94544ms, delta: 65776ms
16:27:37.819 [pool-1-thread-1] INFO  sim - Tgt 5, found: 18160ms, destroyed: 83888ms, delta: 65728ms

